<?xml version="1.0" encoding="UTF-8"?>
<!-- Generated by org.testng.reporters.JUnitReportReporter -->
<testsuite hostname="DESKTOP-6AG80HT" name="com.training.sanity.tests.Eltc047ElearningAdminCreateCourseandCategory" tests="3" failures="1" timestamp="13 May 2020 05:49:16 GMT" time="14.236" errors="0">
  <testcase name="addCategory" time="1.746" classname="com.training.sanity.tests.Eltc047ElearningAdminCreateCourseandCategory">
    <failure type="java.lang.StackOverflowError">
      <![CDATA[java.lang.StackOverflowError
	at com.training.pom.ElearningAdminAddCategoryPOM.categoryCode(ElearningAdminAddCategoryPOM.java:36)
	at com.training.pom.ElearningAdminAddCategoryPOM.categoryCode(ElearningAdminAddCategoryPOM.java:36)
	at com.training.pom.ElearningAdminAddCategoryPOM.categoryCode(ElearningAdminAddCategoryPOM.java:36)
	at com.training.pom.ElearningAdminAddCategoryPOM.categoryCode(ElearningAdminAddCategoryPOM.java:36)
	at com.training.pom.ElearningAdminAddCategoryPOM.categoryCode(ElearningAdminAddCategoryPOM.java:36)
	at com.training.pom.ElearningAdminAddCategoryPOM.categoryCode(ElearningAdminAddCategoryPOM.java:36)
	at com.training.pom.ElearningAdminAddCategoryPOM.categoryCode(ElearningAdminAddCategoryPOM.java:36)
	at com.training.pom.ElearningAdminAddCategoryPOM.categoryCode(ElearningAdminAddCategoryPOM.java:36)
	at com.training.pom.ElearningAdminAddCategoryPOM.categoryCode(ElearningAdminAddCategoryPOM.java:36)
	at com.training.pom.ElearningAdminAddCategoryPOM.categoryCode(ElearningAdminAddCategoryPOM.java:36)
	at com.training.pom.ElearningAdminAddCategoryPOM.categoryCode(ElearningAdminAddCategoryPOM.java:36)
	at com.training.pom.ElearningAdminAddCategoryPOM.categoryCode(ElearningAdminAddCategoryPOM.java:36)
	at com.training.pom.ElearningAdminAddCategoryPOM.categoryCode(ElearningAdminAddCategoryPOM.java:36)
	at com.training.pom.ElearningAdminAddCategoryPOM.categoryCode(ElearningAdminAddCategoryPOM.java:36)
	at com.training.pom.ElearningAdminAddCategoryPOM.categoryCode(ElearningAdminAddCategoryPOM.java:36)
	at com.training.pom.ElearningAdminAddCategoryPOM.categoryCode(ElearningAdminAddCategoryPOM.java:36)
	at com.training.pom.ElearningAdminAddCategoryPOM.categoryCode(ElearningAdminAddCategoryPOM.java:36)
	at com.training.pom.ElearningAdminAddCategoryPOM.categoryCode(ElearningAdminAddCategoryPOM.java:36)
	at com.training.pom.ElearningAdminAddCategoryPOM.categoryCode(ElearningAdminAddCategoryPOM.java:36)
	at com.training.pom.ElearningAdminAddCategoryPOM.categoryCode(ElearningAdminAddCategoryPOM.java:36)
	at com.training.pom.ElearningAdminAddCategoryPOM.categoryCode(ElearningAdminAddCategoryPOM.java:36)
	at com.training.pom.ElearningAdminAddCategoryPOM.categoryCode(ElearningAdminAddCategoryPOM.java:36)
	at com.training.pom.ElearningAdminAddCategoryPOM.categoryCode(ElearningAdminAddCategoryPOM.java:36)
	at com.training.pom.ElearningAdminAddCategoryPOM.categoryCode(ElearningAdminAddCategoryPOM.java:36)
	at com.training.pom.ElearningAdminAddCategoryPOM.categoryCode(ElearningAdminAddCategoryPOM.java:36)
	at com.training.pom.ElearningAdminAddCategoryPOM.categoryCode(ElearningAdminAddCategoryPOM.java:36)
	at com.training.pom.ElearningAdminAddCategoryPOM.categoryCode(ElearningAdminAddCategoryPOM.java:36)
	at com.training.pom.ElearningAdminAddCategoryPOM.categoryCode(ElearningAdminAddCategoryPOM.java:36)
	at com.training.pom.ElearningAdminAddCategoryPOM.categoryCode(ElearningAdminAddCategoryPOM.java:36)
	at com.training.pom.ElearningAdminAddCategoryPOM.categoryCode(ElearningAdminAddCategoryPOM.java:36)
	at com.training.pom.ElearningAdminAddCategoryPOM.categoryCode(ElearningAdminAddCategoryPOM.java:36)
	at com.training.pom.ElearningAdminAddCategoryPOM.categoryCode(ElearningAdminAddCategoryPOM.java:36)
	at com.training.pom.ElearningAdminAddCategoryPOM.categoryCode(ElearningAdminAddCategoryPOM.java:36)
	at com.training.pom.ElearningAdminAddCategoryPOM.categoryCode(ElearningAdminAddCategoryPOM.java:36)
	at com.training.pom.ElearningAdminAddCategoryPOM.categoryCode(ElearningAdminAddCategoryPOM.java:36)
	at com.training.pom.ElearningAdminAddCategoryPOM.categoryCode(ElearningAdminAddCategoryPOM.java:36)
	at com.training.pom.ElearningAdminAddCategoryPOM.categoryCode(ElearningAdminAddCategoryPOM.java:36)
	at com.training.pom.ElearningAdminAddCategoryPOM.categoryCode(ElearningAdminAddCategoryPOM.java:36)
	at com.training.pom.ElearningAdminAddCategoryPOM.categoryCode(ElearningAdminAddCategoryPOM.java:36)
	at com.training.pom.ElearningAdminAddCategoryPOM.categoryCode(ElearningAdminAddCategoryPOM.java:36)
	at com.training.pom.ElearningAdminAddCategoryPOM.categoryCode(ElearningAdminAddCategoryPOM.java:36)
	at com.training.pom.ElearningAdminAddCategoryPOM.categoryCode(ElearningAdminAddCategoryPOM.java:36)
	at com.training.pom.ElearningAdminAddCategoryPOM.categoryCode(ElearningAdminAddCategoryPOM.java:36)
	at com.training.pom.ElearningAdminAddCategoryPOM.categoryCode(ElearningAdminAddCategoryPOM.java:36)
	at com.training.pom.ElearningAdminAddCategoryPOM.categoryCode(ElearningAdminAddCategoryPOM.java:36)
	at com.training.pom.ElearningAdminAddCategoryPOM.categoryCode(ElearningAdminAddCategoryPOM.java:36)
	at com.training.pom.ElearningAdminAddCategoryPOM.categoryCode(ElearningAdminAddCategoryPOM.java:36)
	at com.training.pom.ElearningAdminAddCategoryPOM.categoryCode(ElearningAdminAddCategoryPOM.java:36)
	at com.training.pom.ElearningAdminAddCategoryPOM.categoryCode(ElearningAdminAddCategoryPOM.java:36)
	at com.training.pom.ElearningAdminAddCategoryPOM.categoryCode(ElearningAdminAddCategoryPOM.java:36)
	at com.training.pom.ElearningAdminAddCategoryPOM.categoryCode(ElearningAdminAddCategoryPOM.java:36)
	at com.training.pom.ElearningAdminAddCategoryPOM.categoryCode(ElearningAdminAddCategoryPOM.java:36)
	at com.training.pom.ElearningAdminAddCategoryPOM.categoryCode(ElearningAdminAddCategoryPOM.java:36)
	at com.training.pom.ElearningAdminAddCategoryPOM.categoryCode(ElearningAdminAddCategoryPOM.java:36)
	at com.training.pom.ElearningAdminAddCategoryPOM.categoryCode(ElearningAdminAddCategoryPOM.java:36)
	at com.training.pom.ElearningAdminAddCategoryPOM.categoryCode(ElearningAdminAddCategoryPOM.java:36)
	at com.training.pom.ElearningAdminAddCategoryPOM.categoryCode(ElearningAdminAddCategoryPOM.java:36)
	at com.training.pom.ElearningAdminAddCategoryPOM.categoryCode(ElearningAdminAddCategoryPOM.java:36)
	at com.training.pom.ElearningAdminAddCategoryPOM.categoryCode(ElearningAdminAddCategoryPOM.java:36)
	at com.training.pom.ElearningAdminAddCategoryPOM.categoryCode(ElearningAdminAddCategoryPOM.java:36)
	at com.training.pom.ElearningAdminAddCategoryPOM.categoryCode(ElearningAdminAddCategoryPOM.java:36)
	at com.training.pom.ElearningAdminAddCategoryPOM.categoryCode(ElearningAdminAddCategoryPOM.java:36)
	at com.training.pom.ElearningAdminAddCategoryPOM.categoryCode(ElearningAdminAddCategoryPOM.java:36)
	at com.training.pom.ElearningAdminAddCategoryPOM.categoryCode(ElearningAdminAddCategoryPOM.java:36)
	at com.training.pom.ElearningAdminAddCategoryPOM.categoryCode(ElearningAdminAddCategoryPOM.java:36)
	at com.training.pom.ElearningAdminAddCategoryPOM.categoryCode(ElearningAdminAddCategoryPOM.java:36)
	at com.training.pom.ElearningAdminAddCategoryPOM.categoryCode(ElearningAdminAddCategoryPOM.java:36)
	at com.training.pom.ElearningAdminAddCategoryPOM.categoryCode(ElearningAdminAddCategoryPOM.java:36)
	at com.training.pom.ElearningAdminAddCategoryPOM.categoryCode(ElearningAdminAddCategoryPOM.java:36)
	at com.training.pom.ElearningAdminAddCategoryPOM.categoryCode(ElearningAdminAddCategoryPOM.java:36)
	at com.training.pom.ElearningAdminAddCategoryPOM.categoryCode(ElearningAdminAddCategoryPOM.java:36)
	at com.training.pom.ElearningAdminAddCategoryPOM.categoryCode(ElearningAdminAddCategoryPOM.java:36)
	at com.training.pom.ElearningAdminAddCategoryPOM.categoryCode(ElearningAdminAddCategoryPOM.java:36)
	at com.training.pom.ElearningAdminAddCategoryPOM.categoryCode(ElearningAdminAddCategoryPOM.java:36)
	at com.training.pom.ElearningAdminAddCategoryPOM.categoryCode(ElearningAdminAddCategoryPOM.java:36)
	at com.training.pom.ElearningAdminAddCategoryPOM.categoryCode(ElearningAdminAddCategoryPOM.java:36)
	at com.training.pom.ElearningAdminAddCategoryPOM.categoryCode(ElearningAdminAddCategoryPOM.java:36)
	at com.training.pom.ElearningAdminAddCategoryPOM.categoryCode(ElearningAdminAddCategoryPOM.java:36)
	at com.training.pom.ElearningAdminAddCategoryPOM.categoryCode(ElearningAdminAddCategoryPOM.java:36)
	at com.training.pom.ElearningAdminAddCategoryPOM.categoryCode(ElearningAdminAddCategoryPOM.java:36)
	at com.training.pom.ElearningAdminAddCategoryPOM.categoryCode(ElearningAdminAddCategoryPOM.java:36)
	at com.training.pom.ElearningAdminAddCategoryPOM.categoryCode(ElearningAdminAddCategoryPOM.java:36)
	at com.training.pom.ElearningAdminAddCategoryPOM.categoryCode(ElearningAdminAddCategoryPOM.java:36)
	at com.training.pom.ElearningAdminAddCategoryPOM.categoryCode(ElearningAdminAddCategoryPOM.java:36)
	at com.training.pom.ElearningAdminAddCategoryPOM.categoryCode(ElearningAdminAddCategoryPOM.java:36)
	at com.training.pom.ElearningAdminAddCategoryPOM.categoryCode(ElearningAdminAddCategoryPOM.java:36)
	at com.training.pom.ElearningAdminAddCategoryPOM.categoryCode(ElearningAdminAddCategoryPOM.java:36)
	at com.training.pom.ElearningAdminAddCategoryPOM.categoryCode(ElearningAdminAddCategoryPOM.java:36)
	at com.training.pom.ElearningAdminAddCategoryPOM.categoryCode(ElearningAdminAddCategoryPOM.java:36)
	at com.training.pom.ElearningAdminAddCategoryPOM.categoryCode(ElearningAdminAddCategoryPOM.java:36)
	at com.training.pom.ElearningAdminAddCategoryPOM.categoryCode(ElearningAdminAddCategoryPOM.java:36)
	at com.training.pom.ElearningAdminAddCategoryPOM.categoryCode(ElearningAdminAddCategoryPOM.java:36)
	at com.training.pom.ElearningAdminAddCategoryPOM.categoryCode(ElearningAdminAddCategoryPOM.java:36)
	at com.training.pom.ElearningAdminAddCategoryPOM.categoryCode(ElearningAdminAddCategoryPOM.java:36)
	at com.training.pom.ElearningAdminAddCategoryPOM.categoryCode(ElearningAdminAddCategoryPOM.java:36)
	at com.training.pom.ElearningAdminAddCategoryPOM.categoryCode(ElearningAdminAddCategoryPOM.java:36)
	at com.training.pom.ElearningAdminAddCategoryPOM.categoryCode(ElearningAdminAddCategoryPOM.java:36)
	at com.training.pom.ElearningAdminAddCategoryPOM.categoryCode(ElearningAdminAddCategoryPOM.java:36)
	at com.training.pom.ElearningAdminAddCategoryPOM.categoryCode(ElearningAdminAddCategoryPOM.java:36)
	at com.training.pom.ElearningAdminAddCategoryPOM.categoryCode(ElearningAdminAddCategoryPOM.java:36)
	at com.training.pom.ElearningAdminAddCategoryPOM.categoryCode(ElearningAdminAddCategoryPOM.java:36)
	at com.training.pom.ElearningAdminAddCategoryPOM.categoryCode(ElearningAdminAddCategoryPOM.java:36)
	at com.training.pom.ElearningAdminAddCategoryPOM.categoryCode(ElearningAdminAddCategoryPOM.java:36)
	at com.training.pom.ElearningAdminAddCategoryPOM.categoryCode(ElearningAdminAddCategoryPOM.java:36)
	at com.training.pom.ElearningAdminAddCategoryPOM.categoryCode(ElearningAdminAddCategoryPOM.java:36)
	at com.training.pom.ElearningAdminAddCategoryPOM.categoryCode(ElearningAdminAddCategoryPOM.java:36)
	at com.training.pom.ElearningAdminAddCategoryPOM.categoryCode(ElearningAdminAddCategoryPOM.java:36)
	at com.training.pom.ElearningAdminAddCategoryPOM.categoryCode(ElearningAdminAddCategoryPOM.java:36)
	at com.training.pom.ElearningAdminAddCategoryPOM.categoryCode(ElearningAdminAddCategoryPOM.java:36)
	at com.training.pom.ElearningAdminAddCategoryPOM.categoryCode(ElearningAdminAddCategoryPOM.java:36)
	at com.training.pom.ElearningAdminAddCategoryPOM.categoryCode(ElearningAdminAddCategoryPOM.java:36)
	at com.training.pom.ElearningAdminAddCategoryPOM.categoryCode(ElearningAdminAddCategoryPOM.java:36)
	at com.training.pom.ElearningAdminAddCategoryPOM.categoryCode(ElearningAdminAddCategoryPOM.java:36)
	at com.training.pom.ElearningAdminAddCategoryPOM.categoryCode(ElearningAdminAddCategoryPOM.java:36)
	at com.training.pom.ElearningAdminAddCategoryPOM.categoryCode(ElearningAdminAddCategoryPOM.java:36)
	at com.training.pom.ElearningAdminAddCategoryPOM.categoryCode(ElearningAdminAddCategoryPOM.java:36)
	at com.training.pom.ElearningAdminAddCategoryPOM.categoryCode(ElearningAdminAddCategoryPOM.java:36)
	at com.training.pom.ElearningAdminAddCategoryPOM.categoryCode(ElearningAdminAddCategoryPOM.java:36)
	at com.training.pom.ElearningAdminAddCategoryPOM.categoryCode(ElearningAdminAddCategoryPOM.java:36)
	at com.training.pom.ElearningAdminAddCategoryPOM.categoryCode(ElearningAdminAddCategoryPOM.java:36)
	at com.training.pom.ElearningAdminAddCategoryPOM.categoryCode(ElearningAdminAddCategoryPOM.java:36)
	at com.training.pom.ElearningAdminAddCategoryPOM.categoryCode(ElearningAdminAddCategoryPOM.java:36)
	at com.training.pom.ElearningAdminAddCategoryPOM.categoryCode(ElearningAdminAddCategoryPOM.java:36)
	at com.training.pom.ElearningAdminAddCategoryPOM.categoryCode(ElearningAdminAddCategoryPOM.java:36)
	at com.training.pom.ElearningAdminAddCategoryPOM.categoryCode(ElearningAdminAddCategoryPOM.java:36)
	at com.training.pom.ElearningAdminAddCategoryPOM.categoryCode(ElearningAdminAddCategoryPOM.java:36)
	at com.training.pom.ElearningAdminAddCategoryPOM.categoryCode(ElearningAdminAddCategoryPOM.java:36)
	at com.training.pom.ElearningAdminAddCategoryPOM.categoryCode(ElearningAdminAddCategoryPOM.java:36)
	at com.training.pom.ElearningAdminAddCategoryPOM.categoryCode(ElearningAdminAddCategoryPOM.java:36)
	at com.training.pom.ElearningAdminAddCategoryPOM.categoryCode(ElearningAdminAddCategoryPOM.java:36)
	at com.training.pom.ElearningAdminAddCategoryPOM.categoryCode(ElearningAdminAddCategoryPOM.java:36)
	at com.training.pom.ElearningAdminAddCategoryPOM.categoryCode(ElearningAdminAddCategoryPOM.java:36)
	at com.training.pom.ElearningAdminAddCategoryPOM.categoryCode(ElearningAdminAddCategoryPOM.java:36)
	at com.training.pom.ElearningAdminAddCategoryPOM.categoryCode(ElearningAdminAddCategoryPOM.java:36)
	at com.training.pom.ElearningAdminAddCategoryPOM.categoryCode(ElearningAdminAddCategoryPOM.java:36)
	at com.training.pom.ElearningAdminAddCategoryPOM.categoryCode(ElearningAdminAddCategoryPOM.java:36)
	at com.training.pom.ElearningAdminAddCategoryPOM.categoryCode(ElearningAdminAddCategoryPOM.java:36)
	at com.training.pom.ElearningAdminAddCategoryPOM.categoryCode(ElearningAdminAddCategoryPOM.java:36)
	at com.training.pom.ElearningAdminAddCategoryPOM.categoryCode(ElearningAdminAddCategoryPOM.java:36)
	at com.training.pom.ElearningAdminAddCategoryPOM.categoryCode(ElearningAdminAddCategoryPOM.java:36)
	at com.training.pom.ElearningAdminAddCategoryPOM.categoryCode(ElearningAdminAddCategoryPOM.java:36)
	at com.training.pom.ElearningAdminAddCategoryPOM.categoryCode(ElearningAdminAddCategoryPOM.java:36)
	at com.training.pom.ElearningAdminAddCategoryPOM.categoryCode(ElearningAdminAddCategoryPOM.java:36)
	at com.training.pom.ElearningAdminAddCategoryPOM.categoryCode(ElearningAdminAddCategoryPOM.java:36)
	at com.training.pom.ElearningAdminAddCategoryPOM.categoryCode(ElearningAdminAddCategoryPOM.java:36)
	at com.training.pom.ElearningAdminAddCategoryPOM.categoryCode(ElearningAdminAddCategoryPOM.java:36)
	at com.training.pom.ElearningAdminAddCategoryPOM.categoryCode(ElearningAdminAddCategoryPOM.java:36)
	at com.training.pom.ElearningAdminAddCategoryPOM.categoryCode(ElearningAdminAddCategoryPOM.java:36)
	at com.training.pom.ElearningAdminAddCategoryPOM.categoryCode(ElearningAdminAddCategoryPOM.java:36)
	at com.training.pom.ElearningAdminAddCategoryPOM.categoryCode(ElearningAdminAddCategoryPOM.java:36)
	at com.training.pom.ElearningAdminAddCategoryPOM.categoryCode(ElearningAdminAddCategoryPOM.java:36)
	at com.training.pom.ElearningAdminAddCategoryPOM.categoryCode(ElearningAdminAddCategoryPOM.java:36)
	at com.training.pom.ElearningAdminAddCategoryPOM.categoryCode(ElearningAdminAddCategoryPOM.java:36)
	at com.training.pom.ElearningAdminAddCategoryPOM.categoryCode(ElearningAdminAddCategoryPOM.java:36)
	at com.training.pom.ElearningAdminAddCategoryPOM.categoryCode(ElearningAdminAddCategoryPOM.java:36)
	at com.training.pom.ElearningAdminAddCategoryPOM.categoryCode(ElearningAdminAddCategoryPOM.java:36)
	at com.training.pom.ElearningAdminAddCategoryPOM.categoryCode(ElearningAdminAddCategoryPOM.java:36)
	at com.training.pom.ElearningAdminAddCategoryPOM.categoryCode(ElearningAdminAddCategoryPOM.java:36)
	at com.training.pom.ElearningAdminAddCategoryPOM.categoryCode(ElearningAdminAddCategoryPOM.java:36)
	at com.training.pom.ElearningAdminAddCategoryPOM.categoryCode(ElearningAdminAddCategoryPOM.java:36)
	at com.training.pom.ElearningAdminAddCategoryPOM.categoryCode(ElearningAdminAddCategoryPOM.java:36)
	at com.training.pom.ElearningAdminAddCategoryPOM.categoryCode(ElearningAdminAddCategoryPOM.java:36)
	at com.training.pom.ElearningAdminAddCategoryPOM.categoryCode(ElearningAdminAddCategoryPOM.java:36)
	at com.training.pom.ElearningAdminAddCategoryPOM.categoryCode(ElearningAdminAddCategoryPOM.java:36)
	at com.training.pom.ElearningAdminAddCategoryPOM.categoryCode(ElearningAdminAddCategoryPOM.java:36)
	at com.training.pom.ElearningAdminAddCategoryPOM.categoryCode(ElearningAdminAddCategoryPOM.java:36)
	at com.training.pom.ElearningAdminAddCategoryPOM.categoryCode(ElearningAdminAddCategoryPOM.java:36)
	at com.training.pom.ElearningAdminAddCategoryPOM.categoryCode(ElearningAdminAddCategoryPOM.java:36)
	at com.training.pom.ElearningAdminAddCategoryPOM.categoryCode(ElearningAdminAddCategoryPOM.java:36)
	at com.training.pom.ElearningAdminAddCategoryPOM.categoryCode(ElearningAdminAddCategoryPOM.java:36)
	at com.training.pom.ElearningAdminAddCategoryPOM.categoryCode(ElearningAdminAddCategoryPOM.java:36)
	at com.training.pom.ElearningAdminAddCategoryPOM.categoryCode(ElearningAdminAddCategoryPOM.java:36)
	at com.training.pom.ElearningAdminAddCategoryPOM.categoryCode(ElearningAdminAddCategoryPOM.java:36)
	at com.training.pom.ElearningAdminAddCategoryPOM.categoryCode(ElearningAdminAddCategoryPOM.java:36)
	at com.training.pom.ElearningAdminAddCategoryPOM.categoryCode(ElearningAdminAddCategoryPOM.java:36)
	at com.training.pom.ElearningAdminAddCategoryPOM.categoryCode(ElearningAdminAddCategoryPOM.java:36)
	at com.training.pom.ElearningAdminAddCategoryPOM.categoryCode(ElearningAdminAddCategoryPOM.java:36)
	at com.training.pom.ElearningAdminAddCategoryPOM.categoryCode(ElearningAdminAddCategoryPOM.java:36)
	at com.training.pom.ElearningAdminAddCategoryPOM.categoryCode(ElearningAdminAddCategoryPOM.java:36)
	at com.training.pom.ElearningAdminAddCategoryPOM.categoryCode(ElearningAdminAddCategoryPOM.java:36)
	at com.training.pom.ElearningAdminAddCategoryPOM.categoryCode(ElearningAdminAddCategoryPOM.java:36)
	at com.training.pom.ElearningAdminAddCategoryPOM.categoryCode(ElearningAdminAddCategoryPOM.java:36)
	at com.training.pom.ElearningAdminAddCategoryPOM.categoryCode(ElearningAdminAddCategoryPOM.java:36)
	at com.training.pom.ElearningAdminAddCategoryPOM.categoryCode(ElearningAdminAddCategoryPOM.java:36)
	at com.training.pom.ElearningAdminAddCategoryPOM.categoryCode(ElearningAdminAddCategoryPOM.java:36)
	at com.training.pom.ElearningAdminAddCategoryPOM.categoryCode(ElearningAdminAddCategoryPOM.java:36)
	at com.training.pom.ElearningAdminAddCategoryPOM.categoryCode(ElearningAdminAddCategoryPOM.java:36)
	at com.training.pom.ElearningAdminAddCategoryPOM.categoryCode(ElearningAdminAddCategoryPOM.java:36)
	at com.training.pom.ElearningAdminAddCategoryPOM.categoryCode(ElearningAdminAddCategoryPOM.java:36)
	at com.training.pom.ElearningAdminAddCategoryPOM.categoryCode(ElearningAdminAddCategoryPOM.java:36)
	at com.training.pom.ElearningAdminAddCategoryPOM.categoryCode(ElearningAdminAddCategoryPOM.java:36)
	at com.training.pom.ElearningAdminAddCategoryPOM.categoryCode(ElearningAdminAddCategoryPOM.java:36)
	at com.training.pom.ElearningAdminAddCategoryPOM.categoryCode(ElearningAdminAddCategoryPOM.java:36)
	at com.training.pom.ElearningAdminAddCategoryPOM.categoryCode(ElearningAdminAddCategoryPOM.java:36)
	at com.training.pom.ElearningAdminAddCategoryPOM.categoryCode(ElearningAdminAddCategoryPOM.java:36)
	at com.training.pom.ElearningAdminAddCategoryPOM.categoryCode(ElearningAdminAddCategoryPOM.java:36)
	at com.training.pom.ElearningAdminAddCategoryPOM.categoryCode(ElearningAdminAddCategoryPOM.java:36)
	at com.training.pom.ElearningAdminAddCategoryPOM.categoryCode(ElearningAdminAddCategoryPOM.java:36)
	at com.training.pom.ElearningAdminAddCategoryPOM.categoryCode(ElearningAdminAddCategoryPOM.java:36)
	at com.training.pom.ElearningAdminAddCategoryPOM.categoryCode(ElearningAdminAddCategoryPOM.java:36)
	at com.training.pom.ElearningAdminAddCategoryPOM.categoryCode(ElearningAdminAddCategoryPOM.java:36)
	at com.training.pom.ElearningAdminAddCategoryPOM.categoryCode(ElearningAdminAddCategoryPOM.java:36)
	at com.training.pom.ElearningAdminAddCategoryPOM.categoryCode(ElearningAdminAddCategoryPOM.java:36)
	at com.training.pom.ElearningAdminAddCategoryPOM.categoryCode(ElearningAdminAddCategoryPOM.java:36)
	at com.training.pom.ElearningAdminAddCategoryPOM.categoryCode(ElearningAdminAddCategoryPOM.java:36)
	at com.training.pom.ElearningAdminAddCategoryPOM.categoryCode(ElearningAdminAddCategoryPOM.java:36)
	at com.training.pom.ElearningAdminAddCategoryPOM.categoryCode(ElearningAdminAddCategoryPOM.java:36)
	at com.training.pom.ElearningAdminAddCategoryPOM.categoryCode(ElearningAdminAddCategoryPOM.java:36)
	at com.training.pom.ElearningAdminAddCategoryPOM.categoryCode(ElearningAdminAddCategoryPOM.java:36)
	at com.training.pom.ElearningAdminAddCategoryPOM.categoryCode(ElearningAdminAddCategoryPOM.java:36)
	at com.training.pom.ElearningAdminAddCategoryPOM.categoryCode(ElearningAdminAddCategoryPOM.java:36)
	at com.training.pom.ElearningAdminAddCategoryPOM.categoryCode(ElearningAdminAddCategoryPOM.java:36)
	at com.training.pom.ElearningAdminAddCategoryPOM.categoryCode(ElearningAdminAddCategoryPOM.java:36)
	at com.training.pom.ElearningAdminAddCategoryPOM.categoryCode(ElearningAdminAddCategoryPOM.java:36)
	at com.training.pom.ElearningAdminAddCategoryPOM.categoryCode(ElearningAdminAddCategoryPOM.java:36)
	at com.training.pom.ElearningAdminAddCategoryPOM.categoryCode(ElearningAdminAddCategoryPOM.java:36)
	at com.training.pom.ElearningAdminAddCategoryPOM.categoryCode(ElearningAdminAddCategoryPOM.java:36)
	at com.training.pom.ElearningAdminAddCategoryPOM.categoryCode(ElearningAdminAddCategoryPOM.java:36)
	at com.training.pom.ElearningAdminAddCategoryPOM.categoryCode(ElearningAdminAddCategoryPOM.java:36)
	at com.training.pom.ElearningAdminAddCategoryPOM.categoryCode(ElearningAdminAddCategoryPOM.java:36)
	at com.training.pom.ElearningAdminAddCategoryPOM.categoryCode(ElearningAdminAddCategoryPOM.java:36)
	at com.training.pom.ElearningAdminAddCategoryPOM.categoryCode(ElearningAdminAddCategoryPOM.java:36)
	at com.training.pom.ElearningAdminAddCategoryPOM.categoryCode(ElearningAdminAddCategoryPOM.java:36)
	at com.training.pom.ElearningAdminAddCategoryPOM.categoryCode(ElearningAdminAddCategoryPOM.java:36)
	at com.training.pom.ElearningAdminAddCategoryPOM.categoryCode(ElearningAdminAddCategoryPOM.java:36)
	at com.training.pom.ElearningAdminAddCategoryPOM.categoryCode(ElearningAdminAddCategoryPOM.java:36)
	at com.training.pom.ElearningAdminAddCategoryPOM.categoryCode(ElearningAdminAddCategoryPOM.java:36)
	at com.training.pom.ElearningAdminAddCategoryPOM.categoryCode(ElearningAdminAddCategoryPOM.java:36)
	at com.training.pom.ElearningAdminAddCategoryPOM.categoryCode(ElearningAdminAddCategoryPOM.java:36)
	at com.training.pom.ElearningAdminAddCategoryPOM.categoryCode(ElearningAdminAddCategoryPOM.java:36)
	at com.training.pom.ElearningAdminAddCategoryPOM.categoryCode(ElearningAdminAddCategoryPOM.java:36)
	at com.training.pom.ElearningAdminAddCategoryPOM.categoryCode(ElearningAdminAddCategoryPOM.java:36)
	at com.training.pom.ElearningAdminAddCategoryPOM.categoryCode(ElearningAdminAddCategoryPOM.java:36)
	at com.training.pom.ElearningAdminAddCategoryPOM.categoryCode(ElearningAdminAddCategoryPOM.java:36)
	at com.training.pom.ElearningAdminAddCategoryPOM.categoryCode(ElearningAdminAddCategoryPOM.java:36)
	at com.training.pom.ElearningAdminAddCategoryPOM.categoryCode(ElearningAdminAddCategoryPOM.java:36)
	at com.training.pom.ElearningAdminAddCategoryPOM.categoryCode(ElearningAdminAddCategoryPOM.java:36)
	at com.training.pom.ElearningAdminAddCategoryPOM.categoryCode(ElearningAdminAddCategoryPOM.java:36)
	at com.training.pom.ElearningAdminAddCategoryPOM.categoryCode(ElearningAdminAddCategoryPOM.java:36)
	at com.training.pom.ElearningAdminAddCategoryPOM.categoryCode(ElearningAdminAddCategoryPOM.java:36)
	at com.training.pom.ElearningAdminAddCategoryPOM.categoryCode(ElearningAdminAddCategoryPOM.java:36)
	at com.training.pom.ElearningAdminAddCategoryPOM.categoryCode(ElearningAdminAddCategoryPOM.java:36)
	at com.training.pom.ElearningAdminAddCategoryPOM.categoryCode(ElearningAdminAddCategoryPOM.java:36)
	at com.training.pom.ElearningAdminAddCategoryPOM.categoryCode(ElearningAdminAddCategoryPOM.java:36)
	at com.training.pom.ElearningAdminAddCategoryPOM.categoryCode(ElearningAdminAddCategoryPOM.java:36)
	at com.training.pom.ElearningAdminAddCategoryPOM.categoryCode(ElearningAdminAddCategoryPOM.java:36)
	at com.training.pom.ElearningAdminAddCategoryPOM.categoryCode(ElearningAdminAddCategoryPOM.java:36)
	at com.training.pom.ElearningAdminAddCategoryPOM.categoryCode(ElearningAdminAddCategoryPOM.java:36)
	at com.training.pom.ElearningAdminAddCategoryPOM.categoryCode(ElearningAdminAddCategoryPOM.java:36)
	at com.training.pom.ElearningAdminAddCategoryPOM.categoryCode(ElearningAdminAddCategoryPOM.java:36)
	at com.training.pom.ElearningAdminAddCategoryPOM.categoryCode(ElearningAdminAddCategoryPOM.java:36)
	at com.training.pom.ElearningAdminAddCategoryPOM.categoryCode(ElearningAdminAddCategoryPOM.java:36)
	at com.training.pom.ElearningAdminAddCategoryPOM.categoryCode(ElearningAdminAddCategoryPOM.java:36)
	at com.training.pom.ElearningAdminAddCategoryPOM.categoryCode(ElearningAdminAddCategoryPOM.java:36)
	at com.training.pom.ElearningAdminAddCategoryPOM.categoryCode(ElearningAdminAddCategoryPOM.java:36)
	at com.training.pom.ElearningAdminAddCategoryPOM.categoryCode(ElearningAdminAddCategoryPOM.java:36)
	at com.training.pom.ElearningAdminAddCategoryPOM.categoryCode(ElearningAdminAddCategoryPOM.java:36)
	at com.training.pom.ElearningAdminAddCategoryPOM.categoryCode(ElearningAdminAddCategoryPOM.java:36)
	at com.training.pom.ElearningAdminAddCategoryPOM.categoryCode(ElearningAdminAddCategoryPOM.java:36)
	at com.training.pom.ElearningAdminAddCategoryPOM.categoryCode(ElearningAdminAddCategoryPOM.java:36)
	at com.training.pom.ElearningAdminAddCategoryPOM.categoryCode(ElearningAdminAddCategoryPOM.java:36)
	at com.training.pom.ElearningAdminAddCategoryPOM.categoryCode(ElearningAdminAddCategoryPOM.java:36)
	at com.training.pom.ElearningAdminAddCategoryPOM.categoryCode(ElearningAdminAddCategoryPOM.java:36)
	at com.training.pom.ElearningAdminAddCategoryPOM.categoryCode(ElearningAdminAddCategoryPOM.java:36)
	at com.training.pom.ElearningAdminAddCategoryPOM.categoryCode(ElearningAdminAddCategoryPOM.java:36)
	at com.training.pom.ElearningAdminAddCategoryPOM.categoryCode(ElearningAdminAddCategoryPOM.java:36)
	at com.training.pom.ElearningAdminAddCategoryPOM.categoryCode(ElearningAdminAddCategoryPOM.java:36)
	at com.training.pom.ElearningAdminAddCategoryPOM.categoryCode(ElearningAdminAddCategoryPOM.java:36)
	at com.training.pom.ElearningAdminAddCategoryPOM.categoryCode(ElearningAdminAddCategoryPOM.java:36)
	at com.training.pom.ElearningAdminAddCategoryPOM.categoryCode(ElearningAdminAddCategoryPOM.java:36)
	at com.training.pom.ElearningAdminAddCategoryPOM.categoryCode(ElearningAdminAddCategoryPOM.java:36)
	at com.training.pom.ElearningAdminAddCategoryPOM.categoryCode(ElearningAdminAddCategoryPOM.java:36)
	at com.training.pom.ElearningAdminAddCategoryPOM.categoryCode(ElearningAdminAddCategoryPOM.java:36)
	at com.training.pom.ElearningAdminAddCategoryPOM.categoryCode(ElearningAdminAddCategoryPOM.java:36)
	at com.training.pom.ElearningAdminAddCategoryPOM.categoryCode(ElearningAdminAddCategoryPOM.java:36)
	at com.training.pom.ElearningAdminAddCategoryPOM.categoryCode(ElearningAdminAddCategoryPOM.java:36)
	at com.training.pom.ElearningAdminAddCategoryPOM.categoryCode(ElearningAdminAddCategoryPOM.java:36)
	at com.training.pom.ElearningAdminAddCategoryPOM.categoryCode(ElearningAdminAddCategoryPOM.java:36)
	at com.training.pom.ElearningAdminAddCategoryPOM.categoryCode(ElearningAdminAddCategoryPOM.java:36)
	at com.training.pom.ElearningAdminAddCategoryPOM.categoryCode(ElearningAdminAddCategoryPOM.java:36)
	at com.training.pom.ElearningAdminAddCategoryPOM.categoryCode(ElearningAdminAddCategoryPOM.java:36)
	at com.training.pom.ElearningAdminAddCategoryPOM.categoryCode(ElearningAdminAddCategoryPOM.java:36)
	at com.training.pom.ElearningAdminAddCategoryPOM.categoryCode(ElearningAdminAddCategoryPOM.java:36)
	at com.training.pom.ElearningAdminAddCategoryPOM.categoryCode(ElearningAdminAddCategoryPOM.java:36)
	at com.training.pom.ElearningAdminAddCategoryPOM.categoryCode(ElearningAdminAddCategoryPOM.java:36)
	at com.training.pom.ElearningAdminAddCategoryPOM.categoryCode(ElearningAdminAddCategoryPOM.java:36)
	at com.training.pom.ElearningAdminAddCategoryPOM.categoryCode(ElearningAdminAddCategoryPOM.java:36)
	at com.training.pom.ElearningAdminAddCategoryPOM.categoryCode(ElearningAdminAddCategoryPOM.java:36)
	at com.training.pom.ElearningAdminAddCategoryPOM.categoryCode(ElearningAdminAddCategoryPOM.java:36)
	at com.training.pom.ElearningAdminAddCategoryPOM.categoryCode(ElearningAdminAddCategoryPOM.java:36)
	at com.training.pom.ElearningAdminAddCategoryPOM.categoryCode(ElearningAdminAddCategoryPOM.java:36)
	at com.training.pom.ElearningAdminAddCategoryPOM.categoryCode(ElearningAdminAddCategoryPOM.java:36)
	at com.training.pom.ElearningAdminAddCategoryPOM.categoryCode(ElearningAdminAddCategoryPOM.java:36)
	at com.training.pom.ElearningAdminAddCategoryPOM.categoryCode(ElearningAdminAddCategoryPOM.java:36)
	at com.training.pom.ElearningAdminAddCategoryPOM.categoryCode(ElearningAdminAddCategoryPOM.java:36)
	at com.training.pom.ElearningAdminAddCategoryPOM.categoryCode(ElearningAdminAddCategoryPOM.java:36)
	at com.training.pom.ElearningAdminAddCategoryPOM.categoryCode(ElearningAdminAddCategoryPOM.java:36)
	at com.training.pom.ElearningAdminAddCategoryPOM.categoryCode(ElearningAdminAddCategoryPOM.java:36)
	at com.training.pom.ElearningAdminAddCategoryPOM.categoryCode(ElearningAdminAddCategoryPOM.java:36)
	at com.training.pom.ElearningAdminAddCategoryPOM.categoryCode(ElearningAdminAddCategoryPOM.java:36)
	at com.training.pom.ElearningAdminAddCategoryPOM.categoryCode(ElearningAdminAddCategoryPOM.java:36)
	at com.training.pom.ElearningAdminAddCategoryPOM.categoryCode(ElearningAdminAddCategoryPOM.java:36)
	at com.training.pom.ElearningAdminAddCategoryPOM.categoryCode(ElearningAdminAddCategoryPOM.java:36)
	at com.training.pom.ElearningAdminAddCategoryPOM.categoryCode(ElearningAdminAddCategoryPOM.java:36)
	at com.training.pom.ElearningAdminAddCategoryPOM.categoryCode(ElearningAdminAddCategoryPOM.java:36)
	at com.training.pom.ElearningAdminAddCategoryPOM.categoryCode(ElearningAdminAddCategoryPOM.java:36)
	at com.training.pom.ElearningAdminAddCategoryPOM.categoryCode(ElearningAdminAddCategoryPOM.java:36)
	at com.training.pom.ElearningAdminAddCategoryPOM.categoryCode(ElearningAdminAddCategoryPOM.java:36)
	at com.training.pom.ElearningAdminAddCategoryPOM.categoryCode(ElearningAdminAddCategoryPOM.java:36)
	at com.training.pom.ElearningAdminAddCategoryPOM.categoryCode(ElearningAdminAddCategoryPOM.java:36)
	at com.training.pom.ElearningAdminAddCategoryPOM.categoryCode(ElearningAdminAddCategoryPOM.java:36)
	at com.training.pom.ElearningAdminAddCategoryPOM.categoryCode(ElearningAdminAddCategoryPOM.java:36)
	at com.training.pom.ElearningAdminAddCategoryPOM.categoryCode(ElearningAdminAddCategoryPOM.java:36)
	at com.training.pom.ElearningAdminAddCategoryPOM.categoryCode(ElearningAdminAddCategoryPOM.java:36)
	at com.training.pom.ElearningAdminAddCategoryPOM.categoryCode(ElearningAdminAddCategoryPOM.java:36)
	at com.training.pom.ElearningAdminAddCategoryPOM.categoryCode(ElearningAdminAddCategoryPOM.java:36)
	at com.training.pom.ElearningAdminAddCategoryPOM.categoryCode(ElearningAdminAddCategoryPOM.java:36)
	at com.training.pom.ElearningAdminAddCategoryPOM.categoryCode(ElearningAdminAddCategoryPOM.java:36)
	at com.training.pom.ElearningAdminAddCategoryPOM.categoryCode(ElearningAdminAddCategoryPOM.java:36)
	at com.training.pom.ElearningAdminAddCategoryPOM.categoryCode(ElearningAdminAddCategoryPOM.java:36)
	at com.training.pom.ElearningAdminAddCategoryPOM.categoryCode(ElearningAdminAddCategoryPOM.java:36)
	at com.training.pom.ElearningAdminAddCategoryPOM.categoryCode(ElearningAdminAddCategoryPOM.java:36)
	at com.training.pom.ElearningAdminAddCategoryPOM.categoryCode(ElearningAdminAddCategoryPOM.java:36)
	at com.training.pom.ElearningAdminAddCategoryPOM.categoryCode(ElearningAdminAddCategoryPOM.java:36)
	at com.training.pom.ElearningAdminAddCategoryPOM.categoryCode(ElearningAdminAddCategoryPOM.java:36)
	at com.training.pom.ElearningAdminAddCategoryPOM.categoryCode(ElearningAdminAddCategoryPOM.java:36)
	at com.training.pom.ElearningAdminAddCategoryPOM.categoryCode(ElearningAdminAddCategoryPOM.java:36)
	at com.training.pom.ElearningAdminAddCategoryPOM.categoryCode(ElearningAdminAddCategoryPOM.java:36)
	at com.training.pom.ElearningAdminAddCategoryPOM.categoryCode(ElearningAdminAddCategoryPOM.java:36)
	at com.training.pom.ElearningAdminAddCategoryPOM.categoryCode(ElearningAdminAddCategoryPOM.java:36)
	at com.training.pom.ElearningAdminAddCategoryPOM.categoryCode(ElearningAdminAddCategoryPOM.java:36)
	at com.training.pom.ElearningAdminAddCategoryPOM.categoryCode(ElearningAdminAddCategoryPOM.java:36)
	at com.training.pom.ElearningAdminAddCategoryPOM.categoryCode(ElearningAdminAddCategoryPOM.java:36)
	at com.training.pom.ElearningAdminAddCategoryPOM.categoryCode(ElearningAdminAddCategoryPOM.java:36)
	at com.training.pom.ElearningAdminAddCategoryPOM.categoryCode(ElearningAdminAddCategoryPOM.java:36)
	at com.training.pom.ElearningAdminAddCategoryPOM.categoryCode(ElearningAdminAddCategoryPOM.java:36)
	at com.training.pom.ElearningAdminAddCategoryPOM.categoryCode(ElearningAdminAddCategoryPOM.java:36)
	at com.training.pom.ElearningAdminAddCategoryPOM.categoryCode(ElearningAdminAddCategoryPOM.java:36)
	at com.training.pom.ElearningAdminAddCategoryPOM.categoryCode(ElearningAdminAddCategoryPOM.java:36)
	at com.training.pom.ElearningAdminAddCategoryPOM.categoryCode(ElearningAdminAddCategoryPOM.java:36)
	at com.training.pom.ElearningAdminAddCategoryPOM.categoryCode(ElearningAdminAddCategoryPOM.java:36)
	at com.training.pom.ElearningAdminAddCategoryPOM.categoryCode(ElearningAdminAddCategoryPOM.java:36)
	at com.training.pom.ElearningAdminAddCategoryPOM.categoryCode(ElearningAdminAddCategoryPOM.java:36)
	at com.training.pom.ElearningAdminAddCategoryPOM.categoryCode(ElearningAdminAddCategoryPOM.java:36)
	at com.training.pom.ElearningAdminAddCategoryPOM.categoryCode(ElearningAdminAddCategoryPOM.java:36)
	at com.training.pom.ElearningAdminAddCategoryPOM.categoryCode(ElearningAdminAddCategoryPOM.java:36)
	at com.training.pom.ElearningAdminAddCategoryPOM.categoryCode(ElearningAdminAddCategoryPOM.java:36)
	at com.training.pom.ElearningAdminAddCategoryPOM.categoryCode(ElearningAdminAddCategoryPOM.java:36)
	at com.training.pom.ElearningAdminAddCategoryPOM.categoryCode(ElearningAdminAddCategoryPOM.java:36)
	at com.training.pom.ElearningAdminAddCategoryPOM.categoryCode(ElearningAdminAddCategoryPOM.java:36)
	at com.training.pom.ElearningAdminAddCategoryPOM.categoryCode(ElearningAdminAddCategoryPOM.java:36)
	at com.training.pom.ElearningAdminAddCategoryPOM.categoryCode(ElearningAdminAddCategoryPOM.java:36)
	at com.training.pom.ElearningAdminAddCategoryPOM.categoryCode(ElearningAdminAddCategoryPOM.java:36)
	at com.training.pom.ElearningAdminAddCategoryPOM.categoryCode(ElearningAdminAddCategoryPOM.java:36)
	at com.training.pom.ElearningAdminAddCategoryPOM.categoryCode(ElearningAdminAddCategoryPOM.java:36)
	at com.training.pom.ElearningAdminAddCategoryPOM.categoryCode(ElearningAdminAddCategoryPOM.java:36)
	at com.training.pom.ElearningAdminAddCategoryPOM.categoryCode(ElearningAdminAddCategoryPOM.java:36)
	at com.training.pom.ElearningAdminAddCategoryPOM.categoryCode(ElearningAdminAddCategoryPOM.java:36)
	at com.training.pom.ElearningAdminAddCategoryPOM.categoryCode(ElearningAdminAddCategoryPOM.java:36)
	at com.training.pom.ElearningAdminAddCategoryPOM.categoryCode(ElearningAdminAddCategoryPOM.java:36)
	at com.training.pom.ElearningAdminAddCategoryPOM.categoryCode(ElearningAdminAddCategoryPOM.java:36)
	at com.training.pom.ElearningAdminAddCategoryPOM.categoryCode(ElearningAdminAddCategoryPOM.java:36)
	at com.training.pom.ElearningAdminAddCategoryPOM.categoryCode(ElearningAdminAddCategoryPOM.java:36)
	at com.training.pom.ElearningAdminAddCategoryPOM.categoryCode(ElearningAdminAddCategoryPOM.java:36)
	at com.training.pom.ElearningAdminAddCategoryPOM.categoryCode(ElearningAdminAddCategoryPOM.java:36)
	at com.training.pom.ElearningAdminAddCategoryPOM.categoryCode(ElearningAdminAddCategoryPOM.java:36)
	at com.training.pom.ElearningAdminAddCategoryPOM.categoryCode(ElearningAdminAddCategoryPOM.java:36)
	at com.training.pom.ElearningAdminAddCategoryPOM.categoryCode(ElearningAdminAddCategoryPOM.java:36)
	at com.training.pom.ElearningAdminAddCategoryPOM.categoryCode(ElearningAdminAddCategoryPOM.java:36)
	at com.training.pom.ElearningAdminAddCategoryPOM.categoryCode(ElearningAdminAddCategoryPOM.java:36)
	at com.training.pom.ElearningAdminAddCategoryPOM.categoryCode(ElearningAdminAddCategoryPOM.java:36)
	at com.training.pom.ElearningAdminAddCategoryPOM.categoryCode(ElearningAdminAddCategoryPOM.java:36)
	at com.training.pom.ElearningAdminAddCategoryPOM.categoryCode(ElearningAdminAddCategoryPOM.java:36)
	at com.training.pom.ElearningAdminAddCategoryPOM.categoryCode(ElearningAdminAddCategoryPOM.java:36)
	at com.training.pom.ElearningAdminAddCategoryPOM.categoryCode(ElearningAdminAddCategoryPOM.java:36)
	at com.training.pom.ElearningAdminAddCategoryPOM.categoryCode(ElearningAdminAddCategoryPOM.java:36)
	at com.training.pom.ElearningAdminAddCategoryPOM.categoryCode(ElearningAdminAddCategoryPOM.java:36)
	at com.training.pom.ElearningAdminAddCategoryPOM.categoryCode(ElearningAdminAddCategoryPOM.java:36)
	at com.training.pom.ElearningAdminAddCategoryPOM.categoryCode(ElearningAdminAddCategoryPOM.java:36)
	at com.training.pom.ElearningAdminAddCategoryPOM.categoryCode(ElearningAdminAddCategoryPOM.java:36)
	at com.training.pom.ElearningAdminAddCategoryPOM.categoryCode(ElearningAdminAddCategoryPOM.java:36)
	at com.training.pom.ElearningAdminAddCategoryPOM.categoryCode(ElearningAdminAddCategoryPOM.java:36)
	at com.training.pom.ElearningAdminAddCategoryPOM.categoryCode(ElearningAdminAddCategoryPOM.java:36)
	at com.training.pom.ElearningAdminAddCategoryPOM.categoryCode(ElearningAdminAddCategoryPOM.java:36)
	at com.training.pom.ElearningAdminAddCategoryPOM.categoryCode(ElearningAdminAddCategoryPOM.java:36)
	at com.training.pom.ElearningAdminAddCategoryPOM.categoryCode(ElearningAdminAddCategoryPOM.java:36)
	at com.training.pom.ElearningAdminAddCategoryPOM.categoryCode(ElearningAdminAddCategoryPOM.java:36)
	at com.training.pom.ElearningAdminAddCategoryPOM.categoryCode(ElearningAdminAddCategoryPOM.java:36)
	at com.training.pom.ElearningAdminAddCategoryPOM.categoryCode(ElearningAdminAddCategoryPOM.java:36)
	at com.training.pom.ElearningAdminAddCategoryPOM.categoryCode(ElearningAdminAddCategoryPOM.java:36)
	at com.training.pom.ElearningAdminAddCategoryPOM.categoryCode(ElearningAdminAddCategoryPOM.java:36)
	at com.training.pom.ElearningAdminAddCategoryPOM.categoryCode(ElearningAdminAddCategoryPOM.java:36)
	at com.training.pom.ElearningAdminAddCategoryPOM.categoryCode(ElearningAdminAddCategoryPOM.java:36)
	at com.training.pom.ElearningAdminAddCategoryPOM.categoryCode(ElearningAdminAddCategoryPOM.java:36)
	at com.training.pom.ElearningAdminAddCategoryPOM.categoryCode(ElearningAdminAddCategoryPOM.java:36)
	at com.training.pom.ElearningAdminAddCategoryPOM.categoryCode(ElearningAdminAddCategoryPOM.java:36)
	at com.training.pom.ElearningAdminAddCategoryPOM.categoryCode(ElearningAdminAddCategoryPOM.java:36)
	at com.training.pom.ElearningAdminAddCategoryPOM.categoryCode(ElearningAdminAddCategoryPOM.java:36)
	at com.training.pom.ElearningAdminAddCategoryPOM.categoryCode(ElearningAdminAddCategoryPOM.java:36)
	at com.training.pom.ElearningAdminAddCategoryPOM.categoryCode(ElearningAdminAddCategoryPOM.java:36)
	at com.training.pom.ElearningAdminAddCategoryPOM.categoryCode(ElearningAdminAddCategoryPOM.java:36)
	at com.training.pom.ElearningAdminAddCategoryPOM.categoryCode(ElearningAdminAddCategoryPOM.java:36)
	at com.training.pom.ElearningAdminAddCategoryPOM.categoryCode(ElearningAdminAddCategoryPOM.java:36)
	at com.training.pom.ElearningAdminAddCategoryPOM.categoryCode(ElearningAdminAddCategoryPOM.java:36)
	at com.training.pom.ElearningAdminAddCategoryPOM.categoryCode(ElearningAdminAddCategoryPOM.java:36)
	at com.training.pom.ElearningAdminAddCategoryPOM.categoryCode(ElearningAdminAddCategoryPOM.java:36)
	at com.training.pom.ElearningAdminAddCategoryPOM.categoryCode(ElearningAdminAddCategoryPOM.java:36)
	at com.training.pom.ElearningAdminAddCategoryPOM.categoryCode(ElearningAdminAddCategoryPOM.java:36)
	at com.training.pom.ElearningAdminAddCategoryPOM.categoryCode(ElearningAdminAddCategoryPOM.java:36)
	at com.training.pom.ElearningAdminAddCategoryPOM.categoryCode(ElearningAdminAddCategoryPOM.java:36)
	at com.training.pom.ElearningAdminAddCategoryPOM.categoryCode(ElearningAdminAddCategoryPOM.java:36)
	at com.training.pom.ElearningAdminAddCategoryPOM.categoryCode(ElearningAdminAddCategoryPOM.java:36)
	at com.training.pom.ElearningAdminAddCategoryPOM.categoryCode(ElearningAdminAddCategoryPOM.java:36)
	at com.training.pom.ElearningAdminAddCategoryPOM.categoryCode(ElearningAdminAddCategoryPOM.java:36)
	at com.training.pom.ElearningAdminAddCategoryPOM.categoryCode(ElearningAdminAddCategoryPOM.java:36)
	at com.training.pom.ElearningAdminAddCategoryPOM.categoryCode(ElearningAdminAddCategoryPOM.java:36)
	at com.training.pom.ElearningAdminAddCategoryPOM.categoryCode(ElearningAdminAddCategoryPOM.java:36)
	at com.training.pom.ElearningAdminAddCategoryPOM.categoryCode(ElearningAdminAddCategoryPOM.java:36)
	at com.training.pom.ElearningAdminAddCategoryPOM.categoryCode(ElearningAdminAddCategoryPOM.java:36)
	at com.training.pom.ElearningAdminAddCategoryPOM.categoryCode(ElearningAdminAddCategoryPOM.java:36)
	at com.training.pom.ElearningAdminAddCategoryPOM.categoryCode(ElearningAdminAddCategoryPOM.java:36)
	at com.training.pom.ElearningAdminAddCategoryPOM.categoryCode(ElearningAdminAddCategoryPOM.java:36)
	at com.training.pom.ElearningAdminAddCategoryPOM.categoryCode(ElearningAdminAddCategoryPOM.java:36)
	at com.training.pom.ElearningAdminAddCategoryPOM.categoryCode(ElearningAdminAddCategoryPOM.java:36)
	at com.training.pom.ElearningAdminAddCategoryPOM.categoryCode(ElearningAdminAddCategoryPOM.java:36)
	at com.training.pom.ElearningAdminAddCategoryPOM.categoryCode(ElearningAdminAddCategoryPOM.java:36)
	at com.training.pom.ElearningAdminAddCategoryPOM.categoryCode(ElearningAdminAddCategoryPOM.java:36)
	at com.training.pom.ElearningAdminAddCategoryPOM.categoryCode(ElearningAdminAddCategoryPOM.java:36)
	at com.training.pom.ElearningAdminAddCategoryPOM.categoryCode(ElearningAdminAddCategoryPOM.java:36)
	at com.training.pom.ElearningAdminAddCategoryPOM.categoryCode(ElearningAdminAddCategoryPOM.java:36)
	at com.training.pom.ElearningAdminAddCategoryPOM.categoryCode(ElearningAdminAddCategoryPOM.java:36)
	at com.training.pom.ElearningAdminAddCategoryPOM.categoryCode(ElearningAdminAddCategoryPOM.java:36)
	at com.training.pom.ElearningAdminAddCategoryPOM.categoryCode(ElearningAdminAddCategoryPOM.java:36)
	at com.training.pom.ElearningAdminAddCategoryPOM.categoryCode(ElearningAdminAddCategoryPOM.java:36)
	at com.training.pom.ElearningAdminAddCategoryPOM.categoryCode(ElearningAdminAddCategoryPOM.java:36)
	at com.training.pom.ElearningAdminAddCategoryPOM.categoryCode(ElearningAdminAddCategoryPOM.java:36)
	at com.training.pom.ElearningAdminAddCategoryPOM.categoryCode(ElearningAdminAddCategoryPOM.java:36)
	at com.training.pom.ElearningAdminAddCategoryPOM.categoryCode(ElearningAdminAddCategoryPOM.java:36)
	at com.training.pom.ElearningAdminAddCategoryPOM.categoryCode(ElearningAdminAddCategoryPOM.java:36)
	at com.training.pom.ElearningAdminAddCategoryPOM.categoryCode(ElearningAdminAddCategoryPOM.java:36)
	at com.training.pom.ElearningAdminAddCategoryPOM.categoryCode(ElearningAdminAddCategoryPOM.java:36)
	at com.training.pom.ElearningAdminAddCategoryPOM.categoryCode(ElearningAdminAddCategoryPOM.java:36)
	at com.training.pom.ElearningAdminAddCategoryPOM.categoryCode(ElearningAdminAddCategoryPOM.java:36)
	at com.training.pom.ElearningAdminAddCategoryPOM.categoryCode(ElearningAdminAddCategoryPOM.java:36)
	at com.training.pom.ElearningAdminAddCategoryPOM.categoryCode(ElearningAdminAddCategoryPOM.java:36)
	at com.training.pom.ElearningAdminAddCategoryPOM.categoryCode(ElearningAdminAddCategoryPOM.java:36)
	at com.training.pom.ElearningAdminAddCategoryPOM.categoryCode(ElearningAdminAddCategoryPOM.java:36)
	at com.training.pom.ElearningAdminAddCategoryPOM.categoryCode(ElearningAdminAddCategoryPOM.java:36)
	at com.training.pom.ElearningAdminAddCategoryPOM.categoryCode(ElearningAdminAddCategoryPOM.java:36)
	at com.training.pom.ElearningAdminAddCategoryPOM.categoryCode(ElearningAdminAddCategoryPOM.java:36)
	at com.training.pom.ElearningAdminAddCategoryPOM.categoryCode(ElearningAdminAddCategoryPOM.java:36)
	at com.training.pom.ElearningAdminAddCategoryPOM.categoryCode(ElearningAdminAddCategoryPOM.java:36)
	at com.training.pom.ElearningAdminAddCategoryPOM.categoryCode(ElearningAdminAddCategoryPOM.java:36)
	at com.training.pom.ElearningAdminAddCategoryPOM.categoryCode(ElearningAdminAddCategoryPOM.java:36)
	at com.training.pom.ElearningAdminAddCategoryPOM.categoryCode(ElearningAdminAddCategoryPOM.java:36)
	at com.training.pom.ElearningAdminAddCategoryPOM.categoryCode(ElearningAdminAddCategoryPOM.java:36)
	at com.training.pom.ElearningAdminAddCategoryPOM.categoryCode(ElearningAdminAddCategoryPOM.java:36)
	at com.training.pom.ElearningAdminAddCategoryPOM.categoryCode(ElearningAdminAddCategoryPOM.java:36)
	at com.training.pom.ElearningAdminAddCategoryPOM.categoryCode(ElearningAdminAddCategoryPOM.java:36)
	at com.training.pom.ElearningAdminAddCategoryPOM.categoryCode(ElearningAdminAddCategoryPOM.java:36)
	at com.training.pom.ElearningAdminAddCategoryPOM.categoryCode(ElearningAdminAddCategoryPOM.java:36)
	at com.training.pom.ElearningAdminAddCategoryPOM.categoryCode(ElearningAdminAddCategoryPOM.java:36)
	at com.training.pom.ElearningAdminAddCategoryPOM.categoryCode(ElearningAdminAddCategoryPOM.java:36)
	at com.training.pom.ElearningAdminAddCategoryPOM.categoryCode(ElearningAdminAddCategoryPOM.java:36)
	at com.training.pom.ElearningAdminAddCategoryPOM.categoryCode(ElearningAdminAddCategoryPOM.java:36)
	at com.training.pom.ElearningAdminAddCategoryPOM.categoryCode(ElearningAdminAddCategoryPOM.java:36)
	at com.training.pom.ElearningAdminAddCategoryPOM.categoryCode(ElearningAdminAddCategoryPOM.java:36)
	at com.training.pom.ElearningAdminAddCategoryPOM.categoryCode(ElearningAdminAddCategoryPOM.java:36)
	at com.training.pom.ElearningAdminAddCategoryPOM.categoryCode(ElearningAdminAddCategoryPOM.java:36)
	at com.training.pom.ElearningAdminAddCategoryPOM.categoryCode(ElearningAdminAddCategoryPOM.java:36)
	at com.training.pom.ElearningAdminAddCategoryPOM.categoryCode(ElearningAdminAddCategoryPOM.java:36)
	at com.training.pom.ElearningAdminAddCategoryPOM.categoryCode(ElearningAdminAddCategoryPOM.java:36)
	at com.training.pom.ElearningAdminAddCategoryPOM.categoryCode(ElearningAdminAddCategoryPOM.java:36)
	at com.training.pom.ElearningAdminAddCategoryPOM.categoryCode(ElearningAdminAddCategoryPOM.java:36)
	at com.training.pom.ElearningAdminAddCategoryPOM.categoryCode(ElearningAdminAddCategoryPOM.java:36)
	at com.training.pom.ElearningAdminAddCategoryPOM.categoryCode(ElearningAdminAddCategoryPOM.java:36)
	at com.training.pom.ElearningAdminAddCategoryPOM.categoryCode(ElearningAdminAddCategoryPOM.java:36)
	at com.training.pom.ElearningAdminAddCategoryPOM.categoryCode(ElearningAdminAddCategoryPOM.java:36)
	at com.training.pom.ElearningAdminAddCategoryPOM.categoryCode(ElearningAdminAddCategoryPOM.java:36)
	at com.training.pom.ElearningAdminAddCategoryPOM.categoryCode(ElearningAdminAddCategoryPOM.java:36)
	at com.training.pom.ElearningAdminAddCategoryPOM.categoryCode(ElearningAdminAddCategoryPOM.java:36)
	at com.training.pom.ElearningAdminAddCategoryPOM.categoryCode(ElearningAdminAddCategoryPOM.java:36)
	at com.training.pom.ElearningAdminAddCategoryPOM.categoryCode(ElearningAdminAddCategoryPOM.java:36)
	at com.training.pom.ElearningAdminAddCategoryPOM.categoryCode(ElearningAdminAddCategoryPOM.java:36)
	at com.training.pom.ElearningAdminAddCategoryPOM.categoryCode(ElearningAdminAddCategoryPOM.java:36)
	at com.training.pom.ElearningAdminAddCategoryPOM.categoryCode(ElearningAdminAddCategoryPOM.java:36)
	at com.training.pom.ElearningAdminAddCategoryPOM.categoryCode(ElearningAdminAddCategoryPOM.java:36)
	at com.training.pom.ElearningAdminAddCategoryPOM.categoryCode(ElearningAdminAddCategoryPOM.java:36)
	at com.training.pom.ElearningAdminAddCategoryPOM.categoryCode(ElearningAdminAddCategoryPOM.java:36)
	at com.training.pom.ElearningAdminAddCategoryPOM.categoryCode(ElearningAdminAddCategoryPOM.java:36)
	at com.training.pom.ElearningAdminAddCategoryPOM.categoryCode(ElearningAdminAddCategoryPOM.java:36)
	at com.training.pom.ElearningAdminAddCategoryPOM.categoryCode(ElearningAdminAddCategoryPOM.java:36)
	at com.training.pom.ElearningAdminAddCategoryPOM.categoryCode(ElearningAdminAddCategoryPOM.java:36)
	at com.training.pom.ElearningAdminAddCategoryPOM.categoryCode(ElearningAdminAddCategoryPOM.java:36)
	at com.training.pom.ElearningAdminAddCategoryPOM.categoryCode(ElearningAdminAddCategoryPOM.java:36)
	at com.training.pom.ElearningAdminAddCategoryPOM.categoryCode(ElearningAdminAddCategoryPOM.java:36)
	at com.training.pom.ElearningAdminAddCategoryPOM.categoryCode(ElearningAdminAddCategoryPOM.java:36)
	at com.training.pom.ElearningAdminAddCategoryPOM.categoryCode(ElearningAdminAddCategoryPOM.java:36)
	at com.training.pom.ElearningAdminAddCategoryPOM.categoryCode(ElearningAdminAddCategoryPOM.java:36)
	at com.training.pom.ElearningAdminAddCategoryPOM.categoryCode(ElearningAdminAddCategoryPOM.java:36)
	at com.training.pom.ElearningAdminAddCategoryPOM.categoryCode(ElearningAdminAddCategoryPOM.java:36)
	at com.training.pom.ElearningAdminAddCategoryPOM.categoryCode(ElearningAdminAddCategoryPOM.java:36)
	at com.training.pom.ElearningAdminAddCategoryPOM.categoryCode(ElearningAdminAddCategoryPOM.java:36)
	at com.training.pom.ElearningAdminAddCategoryPOM.categoryCode(ElearningAdminAddCategoryPOM.java:36)
	at com.training.pom.ElearningAdminAddCategoryPOM.categoryCode(ElearningAdminAddCategoryPOM.java:36)
	at com.training.pom.ElearningAdminAddCategoryPOM.categoryCode(ElearningAdminAddCategoryPOM.java:36)
	at com.training.pom.ElearningAdminAddCategoryPOM.categoryCode(ElearningAdminAddCategoryPOM.java:36)
	at com.training.pom.ElearningAdminAddCategoryPOM.categoryCode(ElearningAdminAddCategoryPOM.java:36)
	at com.training.pom.ElearningAdminAddCategoryPOM.categoryCode(ElearningAdminAddCategoryPOM.java:36)
	at com.training.pom.ElearningAdminAddCategoryPOM.categoryCode(ElearningAdminAddCategoryPOM.java:36)
	at com.training.pom.ElearningAdminAddCategoryPOM.categoryCode(ElearningAdminAddCategoryPOM.java:36)
	at com.training.pom.ElearningAdminAddCategoryPOM.categoryCode(ElearningAdminAddCategoryPOM.java:36)
	at com.training.pom.ElearningAdminAddCategoryPOM.categoryCode(ElearningAdminAddCategoryPOM.java:36)
	at com.training.pom.ElearningAdminAddCategoryPOM.categoryCode(ElearningAdminAddCategoryPOM.java:36)
	at com.training.pom.ElearningAdminAddCategoryPOM.categoryCode(ElearningAdminAddCategoryPOM.java:36)
	at com.training.pom.ElearningAdminAddCategoryPOM.categoryCode(ElearningAdminAddCategoryPOM.java:36)
	at com.training.pom.ElearningAdminAddCategoryPOM.categoryCode(ElearningAdminAddCategoryPOM.java:36)
	at com.training.pom.ElearningAdminAddCategoryPOM.categoryCode(ElearningAdminAddCategoryPOM.java:36)
	at com.training.pom.ElearningAdminAddCategoryPOM.categoryCode(ElearningAdminAddCategoryPOM.java:36)
	at com.training.pom.ElearningAdminAddCategoryPOM.categoryCode(ElearningAdminAddCategoryPOM.java:36)
	at com.training.pom.ElearningAdminAddCategoryPOM.categoryCode(ElearningAdminAddCategoryPOM.java:36)
	at com.training.pom.ElearningAdminAddCategoryPOM.categoryCode(ElearningAdminAddCategoryPOM.java:36)
	at com.training.pom.ElearningAdminAddCategoryPOM.categoryCode(ElearningAdminAddCategoryPOM.java:36)
	at com.training.pom.ElearningAdminAddCategoryPOM.categoryCode(ElearningAdminAddCategoryPOM.java:36)
	at com.training.pom.ElearningAdminAddCategoryPOM.categoryCode(ElearningAdminAddCategoryPOM.java:36)
	at com.training.pom.ElearningAdminAddCategoryPOM.categoryCode(ElearningAdminAddCategoryPOM.java:36)
	at com.training.pom.ElearningAdminAddCategoryPOM.categoryCode(ElearningAdminAddCategoryPOM.java:36)
	at com.training.pom.ElearningAdminAddCategoryPOM.categoryCode(ElearningAdminAddCategoryPOM.java:36)
	at com.training.pom.ElearningAdminAddCategoryPOM.categoryCode(ElearningAdminAddCategoryPOM.java:36)
	at com.training.pom.ElearningAdminAddCategoryPOM.categoryCode(ElearningAdminAddCategoryPOM.java:36)
	at com.training.pom.ElearningAdminAddCategoryPOM.categoryCode(ElearningAdminAddCategoryPOM.java:36)
	at com.training.pom.ElearningAdminAddCategoryPOM.categoryCode(ElearningAdminAddCategoryPOM.java:36)
	at com.training.pom.ElearningAdminAddCategoryPOM.categoryCode(ElearningAdminAddCategoryPOM.java:36)
	at com.training.pom.ElearningAdminAddCategoryPOM.categoryCode(ElearningAdminAddCategoryPOM.java:36)
	at com.training.pom.ElearningAdminAddCategoryPOM.categoryCode(ElearningAdminAddCategoryPOM.java:36)
	at com.training.pom.ElearningAdminAddCategoryPOM.categoryCode(ElearningAdminAddCategoryPOM.java:36)
	at com.training.pom.ElearningAdminAddCategoryPOM.categoryCode(ElearningAdminAddCategoryPOM.java:36)
	at com.training.pom.ElearningAdminAddCategoryPOM.categoryCode(ElearningAdminAddCategoryPOM.java:36)
	at com.training.pom.ElearningAdminAddCategoryPOM.categoryCode(ElearningAdminAddCategoryPOM.java:36)
	at com.training.pom.ElearningAdminAddCategoryPOM.categoryCode(ElearningAdminAddCategoryPOM.java:36)
	at com.training.pom.ElearningAdminAddCategoryPOM.categoryCode(ElearningAdminAddCategoryPOM.java:36)
	at com.training.pom.ElearningAdminAddCategoryPOM.categoryCode(ElearningAdminAddCategoryPOM.java:36)
	at com.training.pom.ElearningAdminAddCategoryPOM.categoryCode(ElearningAdminAddCategoryPOM.java:36)
	at com.training.pom.ElearningAdminAddCategoryPOM.categoryCode(ElearningAdminAddCategoryPOM.java:36)
	at com.training.pom.ElearningAdminAddCategoryPOM.categoryCode(ElearningAdminAddCategoryPOM.java:36)
	at com.training.pom.ElearningAdminAddCategoryPOM.categoryCode(ElearningAdminAddCategoryPOM.java:36)
	at com.training.pom.ElearningAdminAddCategoryPOM.categoryCode(ElearningAdminAddCategoryPOM.java:36)
	at com.training.pom.ElearningAdminAddCategoryPOM.categoryCode(ElearningAdminAddCategoryPOM.java:36)
	at com.training.pom.ElearningAdminAddCategoryPOM.categoryCode(ElearningAdminAddCategoryPOM.java:36)
	at com.training.pom.ElearningAdminAddCategoryPOM.categoryCode(ElearningAdminAddCategoryPOM.java:36)
	at com.training.pom.ElearningAdminAddCategoryPOM.categoryCode(ElearningAdminAddCategoryPOM.java:36)
	at com.training.pom.ElearningAdminAddCategoryPOM.categoryCode(ElearningAdminAddCategoryPOM.java:36)
	at com.training.pom.ElearningAdminAddCategoryPOM.categoryCode(ElearningAdminAddCategoryPOM.java:36)
	at com.training.pom.ElearningAdminAddCategoryPOM.categoryCode(ElearningAdminAddCategoryPOM.java:36)
	at com.training.pom.ElearningAdminAddCategoryPOM.categoryCode(ElearningAdminAddCategoryPOM.java:36)
	at com.training.pom.ElearningAdminAddCategoryPOM.categoryCode(ElearningAdminAddCategoryPOM.java:36)
	at com.training.pom.ElearningAdminAddCategoryPOM.categoryCode(ElearningAdminAddCategoryPOM.java:36)
	at com.training.pom.ElearningAdminAddCategoryPOM.categoryCode(ElearningAdminAddCategoryPOM.java:36)
	at com.training.pom.ElearningAdminAddCategoryPOM.categoryCode(ElearningAdminAddCategoryPOM.java:36)
	at com.training.pom.ElearningAdminAddCategoryPOM.categoryCode(ElearningAdminAddCategoryPOM.java:36)
	at com.training.pom.ElearningAdminAddCategoryPOM.categoryCode(ElearningAdminAddCategoryPOM.java:36)
	at com.training.pom.ElearningAdminAddCategoryPOM.categoryCode(ElearningAdminAddCategoryPOM.java:36)
	at com.training.pom.ElearningAdminAddCategoryPOM.categoryCode(ElearningAdminAddCategoryPOM.java:36)
	at com.training.pom.ElearningAdminAddCategoryPOM.categoryCode(ElearningAdminAddCategoryPOM.java:36)
	at com.training.pom.ElearningAdminAddCategoryPOM.categoryCode(ElearningAdminAddCategoryPOM.java:36)
	at com.training.pom.ElearningAdminAddCategoryPOM.categoryCode(ElearningAdminAddCategoryPOM.java:36)
	at com.training.pom.ElearningAdminAddCategoryPOM.categoryCode(ElearningAdminAddCategoryPOM.java:36)
	at com.training.pom.ElearningAdminAddCategoryPOM.categoryCode(ElearningAdminAddCategoryPOM.java:36)
	at com.training.pom.ElearningAdminAddCategoryPOM.categoryCode(ElearningAdminAddCategoryPOM.java:36)
	at com.training.pom.ElearningAdminAddCategoryPOM.categoryCode(ElearningAdminAddCategoryPOM.java:36)
	at com.training.pom.ElearningAdminAddCategoryPOM.categoryCode(ElearningAdminAddCategoryPOM.java:36)
	at com.training.pom.ElearningAdminAddCategoryPOM.categoryCode(ElearningAdminAddCategoryPOM.java:36)
	at com.training.pom.ElearningAdminAddCategoryPOM.categoryCode(ElearningAdminAddCategoryPOM.java:36)
	at com.training.pom.ElearningAdminAddCategoryPOM.categoryCode(ElearningAdminAddCategoryPOM.java:36)
	at com.training.pom.ElearningAdminAddCategoryPOM.categoryCode(ElearningAdminAddCategoryPOM.java:36)
	at com.training.pom.ElearningAdminAddCategoryPOM.categoryCode(ElearningAdminAddCategoryPOM.java:36)
	at com.training.pom.ElearningAdminAddCategoryPOM.categoryCode(ElearningAdminAddCategoryPOM.java:36)
	at com.training.pom.ElearningAdminAddCategoryPOM.categoryCode(ElearningAdminAddCategoryPOM.java:36)
	at com.training.pom.ElearningAdminAddCategoryPOM.categoryCode(ElearningAdminAddCategoryPOM.java:36)
	at com.training.pom.ElearningAdminAddCategoryPOM.categoryCode(ElearningAdminAddCategoryPOM.java:36)
	at com.training.pom.ElearningAdminAddCategoryPOM.categoryCode(ElearningAdminAddCategoryPOM.java:36)
	at com.training.pom.ElearningAdminAddCategoryPOM.categoryCode(ElearningAdminAddCategoryPOM.java:36)
	at com.training.pom.ElearningAdminAddCategoryPOM.categoryCode(ElearningAdminAddCategoryPOM.java:36)
	at com.training.pom.ElearningAdminAddCategoryPOM.categoryCode(ElearningAdminAddCategoryPOM.java:36)
	at com.training.pom.ElearningAdminAddCategoryPOM.categoryCode(ElearningAdminAddCategoryPOM.java:36)
	at com.training.pom.ElearningAdminAddCategoryPOM.categoryCode(ElearningAdminAddCategoryPOM.java:36)
	at com.training.pom.ElearningAdminAddCategoryPOM.categoryCode(ElearningAdminAddCategoryPOM.java:36)
	at com.training.pom.ElearningAdminAddCategoryPOM.categoryCode(ElearningAdminAddCategoryPOM.java:36)
	at com.training.pom.ElearningAdminAddCategoryPOM.categoryCode(ElearningAdminAddCategoryPOM.java:36)
	at com.training.pom.ElearningAdminAddCategoryPOM.categoryCode(ElearningAdminAddCategoryPOM.java:36)
	at com.training.pom.ElearningAdminAddCategoryPOM.categoryCode(ElearningAdminAddCategoryPOM.java:36)
	at com.training.pom.ElearningAdminAddCategoryPOM.categoryCode(ElearningAdminAddCategoryPOM.java:36)
	at com.training.pom.ElearningAdminAddCategoryPOM.categoryCode(ElearningAdminAddCategoryPOM.java:36)
	at com.training.pom.ElearningAdminAddCategoryPOM.categoryCode(ElearningAdminAddCategoryPOM.java:36)
	at com.training.pom.ElearningAdminAddCategoryPOM.categoryCode(ElearningAdminAddCategoryPOM.java:36)
	at com.training.pom.ElearningAdminAddCategoryPOM.categoryCode(ElearningAdminAddCategoryPOM.java:36)
	at com.training.pom.ElearningAdminAddCategoryPOM.categoryCode(ElearningAdminAddCategoryPOM.java:36)
	at com.training.pom.ElearningAdminAddCategoryPOM.categoryCode(ElearningAdminAddCategoryPOM.java:36)
	at com.training.pom.ElearningAdminAddCategoryPOM.categoryCode(ElearningAdminAddCategoryPOM.java:36)
	at com.training.pom.ElearningAdminAddCategoryPOM.categoryCode(ElearningAdminAddCategoryPOM.java:36)
	at com.training.pom.ElearningAdminAddCategoryPOM.categoryCode(ElearningAdminAddCategoryPOM.java:36)
	at com.training.pom.ElearningAdminAddCategoryPOM.categoryCode(ElearningAdminAddCategoryPOM.java:36)
	at com.training.pom.ElearningAdminAddCategoryPOM.categoryCode(ElearningAdminAddCategoryPOM.java:36)
	at com.training.pom.ElearningAdminAddCategoryPOM.categoryCode(ElearningAdminAddCategoryPOM.java:36)
	at com.training.pom.ElearningAdminAddCategoryPOM.categoryCode(ElearningAdminAddCategoryPOM.java:36)
	at com.training.pom.ElearningAdminAddCategoryPOM.categoryCode(ElearningAdminAddCategoryPOM.java:36)
	at com.training.pom.ElearningAdminAddCategoryPOM.categoryCode(ElearningAdminAddCategoryPOM.java:36)
	at com.training.pom.ElearningAdminAddCategoryPOM.categoryCode(ElearningAdminAddCategoryPOM.java:36)
	at com.training.pom.ElearningAdminAddCategoryPOM.categoryCode(ElearningAdminAddCategoryPOM.java:36)
	at com.training.pom.ElearningAdminAddCategoryPOM.categoryCode(ElearningAdminAddCategoryPOM.java:36)
	at com.training.pom.ElearningAdminAddCategoryPOM.categoryCode(ElearningAdminAddCategoryPOM.java:36)
	at com.training.pom.ElearningAdminAddCategoryPOM.categoryCode(ElearningAdminAddCategoryPOM.java:36)
	at com.training.pom.ElearningAdminAddCategoryPOM.categoryCode(ElearningAdminAddCategoryPOM.java:36)
	at com.training.pom.ElearningAdminAddCategoryPOM.categoryCode(ElearningAdminAddCategoryPOM.java:36)
	at com.training.pom.ElearningAdminAddCategoryPOM.categoryCode(ElearningAdminAddCategoryPOM.java:36)
	at com.training.pom.ElearningAdminAddCategoryPOM.categoryCode(ElearningAdminAddCategoryPOM.java:36)
	at com.training.pom.ElearningAdminAddCategoryPOM.categoryCode(ElearningAdminAddCategoryPOM.java:36)
	at com.training.pom.ElearningAdminAddCategoryPOM.categoryCode(ElearningAdminAddCategoryPOM.java:36)
	at com.training.pom.ElearningAdminAddCategoryPOM.categoryCode(ElearningAdminAddCategoryPOM.java:36)
	at com.training.pom.ElearningAdminAddCategoryPOM.categoryCode(ElearningAdminAddCategoryPOM.java:36)
	at com.training.pom.ElearningAdminAddCategoryPOM.categoryCode(ElearningAdminAddCategoryPOM.java:36)
	at com.training.pom.ElearningAdminAddCategoryPOM.categoryCode(ElearningAdminAddCategoryPOM.java:36)
	at com.training.pom.ElearningAdminAddCategoryPOM.categoryCode(ElearningAdminAddCategoryPOM.java:36)
	at com.training.pom.ElearningAdminAddCategoryPOM.categoryCode(ElearningAdminAddCategoryPOM.java:36)
	at com.training.pom.ElearningAdminAddCategoryPOM.categoryCode(ElearningAdminAddCategoryPOM.java:36)
	at com.training.pom.ElearningAdminAddCategoryPOM.categoryCode(ElearningAdminAddCategoryPOM.java:36)
	at com.training.pom.ElearningAdminAddCategoryPOM.categoryCode(ElearningAdminAddCategoryPOM.java:36)
	at com.training.pom.ElearningAdminAddCategoryPOM.categoryCode(ElearningAdminAddCategoryPOM.java:36)
	at com.training.pom.ElearningAdminAddCategoryPOM.categoryCode(ElearningAdminAddCategoryPOM.java:36)
	at com.training.pom.ElearningAdminAddCategoryPOM.categoryCode(ElearningAdminAddCategoryPOM.java:36)
	at com.training.pom.ElearningAdminAddCategoryPOM.categoryCode(ElearningAdminAddCategoryPOM.java:36)
	at com.training.pom.ElearningAdminAddCategoryPOM.categoryCode(ElearningAdminAddCategoryPOM.java:36)
	at com.training.pom.ElearningAdminAddCategoryPOM.categoryCode(ElearningAdminAddCategoryPOM.java:36)
	at com.training.pom.ElearningAdminAddCategoryPOM.categoryCode(ElearningAdminAddCategoryPOM.java:36)
	at com.training.pom.ElearningAdminAddCategoryPOM.categoryCode(ElearningAdminAddCategoryPOM.java:36)
	at com.training.pom.ElearningAdminAddCategoryPOM.categoryCode(ElearningAdminAddCategoryPOM.java:36)
	at com.training.pom.ElearningAdminAddCategoryPOM.categoryCode(ElearningAdminAddCategoryPOM.java:36)
	at com.training.pom.ElearningAdminAddCategoryPOM.categoryCode(ElearningAdminAddCategoryPOM.java:36)
	at com.training.pom.ElearningAdminAddCategoryPOM.categoryCode(ElearningAdminAddCategoryPOM.java:36)
	at com.training.pom.ElearningAdminAddCategoryPOM.categoryCode(ElearningAdminAddCategoryPOM.java:36)
	at com.training.pom.ElearningAdminAddCategoryPOM.categoryCode(ElearningAdminAddCategoryPOM.java:36)
	at com.training.pom.ElearningAdminAddCategoryPOM.categoryCode(ElearningAdminAddCategoryPOM.java:36)
	at com.training.pom.ElearningAdminAddCategoryPOM.categoryCode(ElearningAdminAddCategoryPOM.java:36)
	at com.training.pom.ElearningAdminAddCategoryPOM.categoryCode(ElearningAdminAddCategoryPOM.java:36)
	at com.training.pom.ElearningAdminAddCategoryPOM.categoryCode(ElearningAdminAddCategoryPOM.java:36)
	at com.training.pom.ElearningAdminAddCategoryPOM.categoryCode(ElearningAdminAddCategoryPOM.java:36)
	at com.training.pom.ElearningAdminAddCategoryPOM.categoryCode(ElearningAdminAddCategoryPOM.java:36)
	at com.training.pom.ElearningAdminAddCategoryPOM.categoryCode(ElearningAdminAddCategoryPOM.java:36)
	at com.training.pom.ElearningAdminAddCategoryPOM.categoryCode(ElearningAdminAddCategoryPOM.java:36)
	at com.training.pom.ElearningAdminAddCategoryPOM.categoryCode(ElearningAdminAddCategoryPOM.java:36)
	at com.training.pom.ElearningAdminAddCategoryPOM.categoryCode(ElearningAdminAddCategoryPOM.java:36)
	at com.training.pom.ElearningAdminAddCategoryPOM.categoryCode(ElearningAdminAddCategoryPOM.java:36)
	at com.training.pom.ElearningAdminAddCategoryPOM.categoryCode(ElearningAdminAddCategoryPOM.java:36)
	at com.training.pom.ElearningAdminAddCategoryPOM.categoryCode(ElearningAdminAddCategoryPOM.java:36)
	at com.training.pom.ElearningAdminAddCategoryPOM.categoryCode(ElearningAdminAddCategoryPOM.java:36)
	at com.training.pom.ElearningAdminAddCategoryPOM.categoryCode(ElearningAdminAddCategoryPOM.java:36)
	at com.training.pom.ElearningAdminAddCategoryPOM.categoryCode(ElearningAdminAddCategoryPOM.java:36)
	at com.training.pom.ElearningAdminAddCategoryPOM.categoryCode(ElearningAdminAddCategoryPOM.java:36)
	at com.training.pom.ElearningAdminAddCategoryPOM.categoryCode(ElearningAdminAddCategoryPOM.java:36)
	at com.training.pom.ElearningAdminAddCategoryPOM.categoryCode(ElearningAdminAddCategoryPOM.java:36)
	at com.training.pom.ElearningAdminAddCategoryPOM.categoryCode(ElearningAdminAddCategoryPOM.java:36)
	at com.training.pom.ElearningAdminAddCategoryPOM.categoryCode(ElearningAdminAddCategoryPOM.java:36)
	at com.training.pom.ElearningAdminAddCategoryPOM.categoryCode(ElearningAdminAddCategoryPOM.java:36)
	at com.training.pom.ElearningAdminAddCategoryPOM.categoryCode(ElearningAdminAddCategoryPOM.java:36)
	at com.training.pom.ElearningAdminAddCategoryPOM.categoryCode(ElearningAdminAddCategoryPOM.java:36)
	at com.training.pom.ElearningAdminAddCategoryPOM.categoryCode(ElearningAdminAddCategoryPOM.java:36)
	at com.training.pom.ElearningAdminAddCategoryPOM.categoryCode(ElearningAdminAddCategoryPOM.java:36)
	at com.training.pom.ElearningAdminAddCategoryPOM.categoryCode(ElearningAdminAddCategoryPOM.java:36)
	at com.training.pom.ElearningAdminAddCategoryPOM.categoryCode(ElearningAdminAddCategoryPOM.java:36)
	at com.training.pom.ElearningAdminAddCategoryPOM.categoryCode(ElearningAdminAddCategoryPOM.java:36)
	at com.training.pom.ElearningAdminAddCategoryPOM.categoryCode(ElearningAdminAddCategoryPOM.java:36)
	at com.training.pom.ElearningAdminAddCategoryPOM.categoryCode(ElearningAdminAddCategoryPOM.java:36)
	at com.training.pom.ElearningAdminAddCategoryPOM.categoryCode(ElearningAdminAddCategoryPOM.java:36)
	at com.training.pom.ElearningAdminAddCategoryPOM.categoryCode(ElearningAdminAddCategoryPOM.java:36)
	at com.training.pom.ElearningAdminAddCategoryPOM.categoryCode(ElearningAdminAddCategoryPOM.java:36)
	at com.training.pom.ElearningAdminAddCategoryPOM.categoryCode(ElearningAdminAddCategoryPOM.java:36)
	at com.training.pom.ElearningAdminAddCategoryPOM.categoryCode(ElearningAdminAddCategoryPOM.java:36)
	at com.training.pom.ElearningAdminAddCategoryPOM.categoryCode(ElearningAdminAddCategoryPOM.java:36)
	at com.training.pom.ElearningAdminAddCategoryPOM.categoryCode(ElearningAdminAddCategoryPOM.java:36)
	at com.training.pom.ElearningAdminAddCategoryPOM.categoryCode(ElearningAdminAddCategoryPOM.java:36)
	at com.training.pom.ElearningAdminAddCategoryPOM.categoryCode(ElearningAdminAddCategoryPOM.java:36)
	at com.training.pom.ElearningAdminAddCategoryPOM.categoryCode(ElearningAdminAddCategoryPOM.java:36)
	at com.training.pom.ElearningAdminAddCategoryPOM.categoryCode(ElearningAdminAddCategoryPOM.java:36)
	at com.training.pom.ElearningAdminAddCategoryPOM.categoryCode(ElearningAdminAddCategoryPOM.java:36)
	at com.training.pom.ElearningAdminAddCategoryPOM.categoryCode(ElearningAdminAddCategoryPOM.java:36)
	at com.training.pom.ElearningAdminAddCategoryPOM.categoryCode(ElearningAdminAddCategoryPOM.java:36)
	at com.training.pom.ElearningAdminAddCategoryPOM.categoryCode(ElearningAdminAddCategoryPOM.java:36)
	at com.training.pom.ElearningAdminAddCategoryPOM.categoryCode(ElearningAdminAddCategoryPOM.java:36)
	at com.training.pom.ElearningAdminAddCategoryPOM.categoryCode(ElearningAdminAddCategoryPOM.java:36)
	at com.training.pom.ElearningAdminAddCategoryPOM.categoryCode(ElearningAdminAddCategoryPOM.java:36)
	at com.training.pom.ElearningAdminAddCategoryPOM.categoryCode(ElearningAdminAddCategoryPOM.java:36)
	at com.training.pom.ElearningAdminAddCategoryPOM.categoryCode(ElearningAdminAddCategoryPOM.java:36)
	at com.training.pom.ElearningAdminAddCategoryPOM.categoryCode(ElearningAdminAddCategoryPOM.java:36)
	at com.training.pom.ElearningAdminAddCategoryPOM.categoryCode(ElearningAdminAddCategoryPOM.java:36)
	at com.training.pom.ElearningAdminAddCategoryPOM.categoryCode(ElearningAdminAddCategoryPOM.java:36)
	at com.training.pom.ElearningAdminAddCategoryPOM.categoryCode(ElearningAdminAddCategoryPOM.java:36)
	at com.training.pom.ElearningAdminAddCategoryPOM.categoryCode(ElearningAdminAddCategoryPOM.java:36)
	at com.training.pom.ElearningAdminAddCategoryPOM.categoryCode(ElearningAdminAddCategoryPOM.java:36)
	at com.training.pom.ElearningAdminAddCategoryPOM.categoryCode(ElearningAdminAddCategoryPOM.java:36)
	at com.training.pom.ElearningAdminAddCategoryPOM.categoryCode(ElearningAdminAddCategoryPOM.java:36)
	at com.training.pom.ElearningAdminAddCategoryPOM.categoryCode(ElearningAdminAddCategoryPOM.java:36)
	at com.training.pom.ElearningAdminAddCategoryPOM.categoryCode(ElearningAdminAddCategoryPOM.java:36)
	at com.training.pom.ElearningAdminAddCategoryPOM.categoryCode(ElearningAdminAddCategoryPOM.java:36)
	at com.training.pom.ElearningAdminAddCategoryPOM.categoryCode(ElearningAdminAddCategoryPOM.java:36)
	at com.training.pom.ElearningAdminAddCategoryPOM.categoryCode(ElearningAdminAddCategoryPOM.java:36)
	at com.training.pom.ElearningAdminAddCategoryPOM.categoryCode(ElearningAdminAddCategoryPOM.java:36)
	at com.training.pom.ElearningAdminAddCategoryPOM.categoryCode(ElearningAdminAddCategoryPOM.java:36)
	at com.training.pom.ElearningAdminAddCategoryPOM.categoryCode(ElearningAdminAddCategoryPOM.java:36)
	at com.training.pom.ElearningAdminAddCategoryPOM.categoryCode(ElearningAdminAddCategoryPOM.java:36)
	at com.training.pom.ElearningAdminAddCategoryPOM.categoryCode(ElearningAdminAddCategoryPOM.java:36)
	at com.training.pom.ElearningAdminAddCategoryPOM.categoryCode(ElearningAdminAddCategoryPOM.java:36)
	at com.training.pom.ElearningAdminAddCategoryPOM.categoryCode(ElearningAdminAddCategoryPOM.java:36)
	at com.training.pom.ElearningAdminAddCategoryPOM.categoryCode(ElearningAdminAddCategoryPOM.java:36)
	at com.training.pom.ElearningAdminAddCategoryPOM.categoryCode(ElearningAdminAddCategoryPOM.java:36)
	at com.training.pom.ElearningAdminAddCategoryPOM.categoryCode(ElearningAdminAddCategoryPOM.java:36)
	at com.training.pom.ElearningAdminAddCategoryPOM.categoryCode(ElearningAdminAddCategoryPOM.java:36)
	at com.training.pom.ElearningAdminAddCategoryPOM.categoryCode(ElearningAdminAddCategoryPOM.java:36)
	at com.training.pom.ElearningAdminAddCategoryPOM.categoryCode(ElearningAdminAddCategoryPOM.java:36)
	at com.training.pom.ElearningAdminAddCategoryPOM.categoryCode(ElearningAdminAddCategoryPOM.java:36)
	at com.training.pom.ElearningAdminAddCategoryPOM.categoryCode(ElearningAdminAddCategoryPOM.java:36)
	at com.training.pom.ElearningAdminAddCategoryPOM.categoryCode(ElearningAdminAddCategoryPOM.java:36)
	at com.training.pom.ElearningAdminAddCategoryPOM.categoryCode(ElearningAdminAddCategoryPOM.java:36)
	at com.training.pom.ElearningAdminAddCategoryPOM.categoryCode(ElearningAdminAddCategoryPOM.java:36)
	at com.training.pom.ElearningAdminAddCategoryPOM.categoryCode(ElearningAdminAddCategoryPOM.java:36)
	at com.training.pom.ElearningAdminAddCategoryPOM.categoryCode(ElearningAdminAddCategoryPOM.java:36)
	at com.training.pom.ElearningAdminAddCategoryPOM.categoryCode(ElearningAdminAddCategoryPOM.java:36)
	at com.training.pom.ElearningAdminAddCategoryPOM.categoryCode(ElearningAdminAddCategoryPOM.java:36)
	at com.training.pom.ElearningAdminAddCategoryPOM.categoryCode(ElearningAdminAddCategoryPOM.java:36)
	at com.training.pom.ElearningAdminAddCategoryPOM.categoryCode(ElearningAdminAddCategoryPOM.java:36)
	at com.training.pom.ElearningAdminAddCategoryPOM.categoryCode(ElearningAdminAddCategoryPOM.java:36)
	at com.training.pom.ElearningAdminAddCategoryPOM.categoryCode(ElearningAdminAddCategoryPOM.java:36)
	at com.training.pom.ElearningAdminAddCategoryPOM.categoryCode(ElearningAdminAddCategoryPOM.java:36)
	at com.training.pom.ElearningAdminAddCategoryPOM.categoryCode(ElearningAdminAddCategoryPOM.java:36)
	at com.training.pom.ElearningAdminAddCategoryPOM.categoryCode(ElearningAdminAddCategoryPOM.java:36)
	at com.training.pom.ElearningAdminAddCategoryPOM.categoryCode(ElearningAdminAddCategoryPOM.java:36)
	at com.training.pom.ElearningAdminAddCategoryPOM.categoryCode(ElearningAdminAddCategoryPOM.java:36)
	at com.training.pom.ElearningAdminAddCategoryPOM.categoryCode(ElearningAdminAddCategoryPOM.java:36)
	at com.training.pom.ElearningAdminAddCategoryPOM.categoryCode(ElearningAdminAddCategoryPOM.java:36)
	at com.training.pom.ElearningAdminAddCategoryPOM.categoryCode(ElearningAdminAddCategoryPOM.java:36)
	at com.training.pom.ElearningAdminAddCategoryPOM.categoryCode(ElearningAdminAddCategoryPOM.java:36)
	at com.training.pom.ElearningAdminAddCategoryPOM.categoryCode(ElearningAdminAddCategoryPOM.java:36)
	at com.training.pom.ElearningAdminAddCategoryPOM.categoryCode(ElearningAdminAddCategoryPOM.java:36)
	at com.training.pom.ElearningAdminAddCategoryPOM.categoryCode(ElearningAdminAddCategoryPOM.java:36)
	at com.training.pom.ElearningAdminAddCategoryPOM.categoryCode(ElearningAdminAddCategoryPOM.java:36)
	at com.training.pom.ElearningAdminAddCategoryPOM.categoryCode(ElearningAdminAddCategoryPOM.java:36)
	at com.training.pom.ElearningAdminAddCategoryPOM.categoryCode(ElearningAdminAddCategoryPOM.java:36)
	at com.training.pom.ElearningAdminAddCategoryPOM.categoryCode(ElearningAdminAddCategoryPOM.java:36)
	at com.training.pom.ElearningAdminAddCategoryPOM.categoryCode(ElearningAdminAddCategoryPOM.java:36)
	at com.training.pom.ElearningAdminAddCategoryPOM.categoryCode(ElearningAdminAddCategoryPOM.java:36)
	at com.training.pom.ElearningAdminAddCategoryPOM.categoryCode(ElearningAdminAddCategoryPOM.java:36)
	at com.training.pom.ElearningAdminAddCategoryPOM.categoryCode(ElearningAdminAddCategoryPOM.java:36)
	at com.training.pom.ElearningAdminAddCategoryPOM.categoryCode(ElearningAdminAddCategoryPOM.java:36)
	at com.training.pom.ElearningAdminAddCategoryPOM.categoryCode(ElearningAdminAddCategoryPOM.java:36)
	at com.training.pom.ElearningAdminAddCategoryPOM.categoryCode(ElearningAdminAddCategoryPOM.java:36)
	at com.training.pom.ElearningAdminAddCategoryPOM.categoryCode(ElearningAdminAddCategoryPOM.java:36)
	at com.training.pom.ElearningAdminAddCategoryPOM.categoryCode(ElearningAdminAddCategoryPOM.java:36)
	at com.training.pom.ElearningAdminAddCategoryPOM.categoryCode(ElearningAdminAddCategoryPOM.java:36)
	at com.training.pom.ElearningAdminAddCategoryPOM.categoryCode(ElearningAdminAddCategoryPOM.java:36)
	at com.training.pom.ElearningAdminAddCategoryPOM.categoryCode(ElearningAdminAddCategoryPOM.java:36)
	at com.training.pom.ElearningAdminAddCategoryPOM.categoryCode(ElearningAdminAddCategoryPOM.java:36)
	at com.training.pom.ElearningAdminAddCategoryPOM.categoryCode(ElearningAdminAddCategoryPOM.java:36)
	at com.training.pom.ElearningAdminAddCategoryPOM.categoryCode(ElearningAdminAddCategoryPOM.java:36)
	at com.training.pom.ElearningAdminAddCategoryPOM.categoryCode(ElearningAdminAddCategoryPOM.java:36)
	at com.training.pom.ElearningAdminAddCategoryPOM.categoryCode(ElearningAdminAddCategoryPOM.java:36)
	at com.training.pom.ElearningAdminAddCategoryPOM.categoryCode(ElearningAdminAddCategoryPOM.java:36)
	at com.training.pom.ElearningAdminAddCategoryPOM.categoryCode(ElearningAdminAddCategoryPOM.java:36)
	at com.training.pom.ElearningAdminAddCategoryPOM.categoryCode(ElearningAdminAddCategoryPOM.java:36)
	at com.training.pom.ElearningAdminAddCategoryPOM.categoryCode(ElearningAdminAddCategoryPOM.java:36)
	at com.training.pom.ElearningAdminAddCategoryPOM.categoryCode(ElearningAdminAddCategoryPOM.java:36)
	at com.training.pom.ElearningAdminAddCategoryPOM.categoryCode(ElearningAdminAddCategoryPOM.java:36)
	at com.training.pom.ElearningAdminAddCategoryPOM.categoryCode(ElearningAdminAddCategoryPOM.java:36)
	at com.training.pom.ElearningAdminAddCategoryPOM.categoryCode(ElearningAdminAddCategoryPOM.java:36)
	at com.training.pom.ElearningAdminAddCategoryPOM.categoryCode(ElearningAdminAddCategoryPOM.java:36)
	at com.training.pom.ElearningAdminAddCategoryPOM.categoryCode(ElearningAdminAddCategoryPOM.java:36)
	at com.training.pom.ElearningAdminAddCategoryPOM.categoryCode(ElearningAdminAddCategoryPOM.java:36)
	at com.training.pom.ElearningAdminAddCategoryPOM.categoryCode(ElearningAdminAddCategoryPOM.java:36)
	at com.training.pom.ElearningAdminAddCategoryPOM.categoryCode(ElearningAdminAddCategoryPOM.java:36)
	at com.training.pom.ElearningAdminAddCategoryPOM.categoryCode(ElearningAdminAddCategoryPOM.java:36)
	at com.training.pom.ElearningAdminAddCategoryPOM.categoryCode(ElearningAdminAddCategoryPOM.java:36)
[...]
	at com.training.pom.ElearningAdminAddCategoryPOM.categoryCode(ElearningAdminAddCategoryPOM.java:36)
	at com.training.pom.ElearningAdminAddCategoryPOM.categoryCode(ElearningAdminAddCategoryPOM.java:36)
	at com.training.pom.ElearningAdminAddCategoryPOM.categoryCode(ElearningAdminAddCategoryPOM.java:36)
	at com.training.pom.ElearningAdminAddCategoryPOM.categoryCode(ElearningAdminAddCategoryPOM.java:36)
	at com.training.pom.ElearningAdminAddCategoryPOM.categoryCode(ElearningAdminAddCategoryPOM.java:36)
	at com.training.pom.ElearningAdminAddCategoryPOM.categoryCode(ElearningAdminAddCategoryPOM.java:36)
	at com.training.pom.ElearningAdminAddCategoryPOM.categoryCode(ElearningAdminAddCategoryPOM.java:36)
	at com.training.pom.ElearningAdminAddCategoryPOM.categoryCode(ElearningAdminAddCategoryPOM.java:36)
	at com.training.pom.ElearningAdminAddCategoryPOM.categoryCode(ElearningAdminAddCategoryPOM.java:36)
	at com.training.pom.ElearningAdminAddCategoryPOM.categoryCode(ElearningAdminAddCategoryPOM.java:36)
	at com.training.pom.ElearningAdminAddCategoryPOM.categoryCode(ElearningAdminAddCategoryPOM.java:36)
	at com.training.pom.ElearningAdminAddCategoryPOM.categoryCode(ElearningAdminAddCategoryPOM.java:36)
	at com.training.pom.ElearningAdminAddCategoryPOM.categoryCode(ElearningAdminAddCategoryPOM.java:36)
	at com.training.pom.ElearningAdminAddCategoryPOM.categoryCode(ElearningAdminAddCategoryPOM.java:36)
	at com.training.pom.ElearningAdminAddCategoryPOM.categoryCode(ElearningAdminAddCategoryPOM.java:36)
	at com.training.pom.ElearningAdminAddCategoryPOM.categoryCode(ElearningAdminAddCategoryPOM.java:36)
	at com.training.pom.ElearningAdminAddCategoryPOM.categoryCode(ElearningAdminAddCategoryPOM.java:36)
	at com.training.pom.ElearningAdminAddCategoryPOM.categoryCode(ElearningAdminAddCategoryPOM.java:36)
	at com.training.pom.ElearningAdminAddCategoryPOM.categoryCode(ElearningAdminAddCategoryPOM.java:36)
	at com.training.pom.ElearningAdminAddCategoryPOM.categoryCode(ElearningAdminAddCategoryPOM.java:36)
	at com.training.pom.ElearningAdminAddCategoryPOM.categoryCode(ElearningAdminAddCategoryPOM.java:36)
	at com.training.pom.ElearningAdminAddCategoryPOM.categoryCode(ElearningAdminAddCategoryPOM.java:36)
	at com.training.pom.ElearningAdminAddCategoryPOM.categoryCode(ElearningAdminAddCategoryPOM.java:36)
	at com.training.pom.ElearningAdminAddCategoryPOM.categoryCode(ElearningAdminAddCategoryPOM.java:36)
	at com.training.pom.ElearningAdminAddCategoryPOM.categoryCode(ElearningAdminAddCategoryPOM.java:36)
	at com.training.pom.ElearningAdminAddCategoryPOM.categoryCode(ElearningAdminAddCategoryPOM.java:36)
	at com.training.pom.ElearningAdminAddCategoryPOM.categoryCode(ElearningAdminAddCategoryPOM.java:36)
	at com.training.pom.ElearningAdminAddCategoryPOM.categoryCode(ElearningAdminAddCategoryPOM.java:36)
	at com.training.pom.ElearningAdminAddCategoryPOM.categoryCode(ElearningAdminAddCategoryPOM.java:36)
	at com.training.pom.ElearningAdminAddCategoryPOM.categoryCode(ElearningAdminAddCategoryPOM.java:36)
	at com.training.pom.ElearningAdminAddCategoryPOM.categoryCode(ElearningAdminAddCategoryPOM.java:36)
	at com.training.pom.ElearningAdminAddCategoryPOM.categoryCode(ElearningAdminAddCategoryPOM.java:36)
	at com.training.pom.ElearningAdminAddCategoryPOM.categoryCode(ElearningAdminAddCategoryPOM.java:36)
	at com.training.pom.ElearningAdminAddCategoryPOM.categoryCode(ElearningAdminAddCategoryPOM.java:36)
	at com.training.pom.ElearningAdminAddCategoryPOM.categoryCode(ElearningAdminAddCategoryPOM.java:36)
	at com.training.pom.ElearningAdminAddCategoryPOM.categoryCode(ElearningAdminAddCategoryPOM.java:36)
	at com.training.pom.ElearningAdminAddCategoryPOM.categoryCode(ElearningAdminAddCategoryPOM.java:36)
	at com.training.pom.ElearningAdminAddCategoryPOM.categoryCode(ElearningAdminAddCategoryPOM.java:36)
	at com.training.pom.ElearningAdminAddCategoryPOM.categoryCode(ElearningAdminAddCategoryPOM.java:36)
	at com.training.pom.ElearningAdminAddCategoryPOM.categoryCode(ElearningAdminAddCategoryPOM.java:36)
	at com.training.pom.ElearningAdminAddCategoryPOM.categoryCode(ElearningAdminAddCategoryPOM.java:36)
	at com.training.pom.ElearningAdminAddCategoryPOM.categoryCode(ElearningAdminAddCategoryPOM.java:36)
	at com.training.pom.ElearningAdminAddCategoryPOM.categoryCode(ElearningAdminAddCategoryPOM.java:36)
	at com.training.pom.ElearningAdminAddCategoryPOM.categoryCode(ElearningAdminAddCategoryPOM.java:36)
	at com.training.pom.ElearningAdminAddCategoryPOM.categoryCode(ElearningAdminAddCategoryPOM.java:36)
	at com.training.pom.ElearningAdminAddCategoryPOM.categoryCode(ElearningAdminAddCategoryPOM.java:36)
	at com.training.pom.ElearningAdminAddCategoryPOM.categoryCode(ElearningAdminAddCategoryPOM.java:36)
	at com.training.pom.ElearningAdminAddCategoryPOM.categoryCode(ElearningAdminAddCategoryPOM.java:36)
	at com.training.pom.ElearningAdminAddCategoryPOM.categoryCode(ElearningAdminAddCategoryPOM.java:36)
	at com.training.pom.ElearningAdminAddCategoryPOM.categoryCode(ElearningAdminAddCategoryPOM.java:36)
	at com.training.pom.ElearningAdminAddCategoryPOM.categoryCode(ElearningAdminAddCategoryPOM.java:36)
	at com.training.pom.ElearningAdminAddCategoryPOM.categoryCode(ElearningAdminAddCategoryPOM.java:36)
	at com.training.pom.ElearningAdminAddCategoryPOM.categoryCode(ElearningAdminAddCategoryPOM.java:36)
	at com.training.pom.ElearningAdminAddCategoryPOM.categoryCode(ElearningAdminAddCategoryPOM.java:36)
	at com.training.pom.ElearningAdminAddCategoryPOM.categoryCode(ElearningAdminAddCategoryPOM.java:36)
	at com.training.pom.ElearningAdminAddCategoryPOM.categoryCode(ElearningAdminAddCategoryPOM.java:36)
	at com.training.pom.ElearningAdminAddCategoryPOM.categoryCode(ElearningAdminAddCategoryPOM.java:36)
	at com.training.pom.ElearningAdminAddCategoryPOM.categoryCode(ElearningAdminAddCategoryPOM.java:36)
	at com.training.pom.ElearningAdminAddCategoryPOM.categoryCode(ElearningAdminAddCategoryPOM.java:36)
	at com.training.pom.ElearningAdminAddCategoryPOM.categoryCode(ElearningAdminAddCategoryPOM.java:36)
	at com.training.pom.ElearningAdminAddCategoryPOM.categoryCode(ElearningAdminAddCategoryPOM.java:36)
	at com.training.pom.ElearningAdminAddCategoryPOM.categoryCode(ElearningAdminAddCategoryPOM.java:36)
	at com.training.pom.ElearningAdminAddCategoryPOM.categoryCode(ElearningAdminAddCategoryPOM.java:36)
	at com.training.pom.ElearningAdminAddCategoryPOM.categoryCode(ElearningAdminAddCategoryPOM.java:36)
	at com.training.pom.ElearningAdminAddCategoryPOM.categoryCode(ElearningAdminAddCategoryPOM.java:36)
	at com.training.pom.ElearningAdminAddCategoryPOM.categoryCode(ElearningAdminAddCategoryPOM.java:36)
	at com.training.pom.ElearningAdminAddCategoryPOM.categoryCode(ElearningAdminAddCategoryPOM.java:36)
	at com.training.pom.ElearningAdminAddCategoryPOM.categoryCode(ElearningAdminAddCategoryPOM.java:36)
	at com.training.pom.ElearningAdminAddCategoryPOM.categoryCode(ElearningAdminAddCategoryPOM.java:36)
	at com.training.pom.ElearningAdminAddCategoryPOM.categoryCode(ElearningAdminAddCategoryPOM.java:36)
	at com.training.pom.ElearningAdminAddCategoryPOM.categoryCode(ElearningAdminAddCategoryPOM.java:36)
	at com.training.pom.ElearningAdminAddCategoryPOM.categoryCode(ElearningAdminAddCategoryPOM.java:36)
	at com.training.pom.ElearningAdminAddCategoryPOM.categoryCode(ElearningAdminAddCategoryPOM.java:36)
	at com.training.pom.ElearningAdminAddCategoryPOM.categoryCode(ElearningAdminAddCategoryPOM.java:36)
	at com.training.pom.ElearningAdminAddCategoryPOM.categoryCode(ElearningAdminAddCategoryPOM.java:36)
	at com.training.pom.ElearningAdminAddCategoryPOM.categoryCode(ElearningAdminAddCategoryPOM.java:36)
	at com.training.pom.ElearningAdminAddCategoryPOM.categoryCode(ElearningAdminAddCategoryPOM.java:36)
	at com.training.pom.ElearningAdminAddCategoryPOM.categoryCode(ElearningAdminAddCategoryPOM.java:36)
	at com.training.pom.ElearningAdminAddCategoryPOM.categoryCode(ElearningAdminAddCategoryPOM.java:36)
	at com.training.pom.ElearningAdminAddCategoryPOM.categoryCode(ElearningAdminAddCategoryPOM.java:36)
	at com.training.pom.ElearningAdminAddCategoryPOM.categoryCode(ElearningAdminAddCategoryPOM.java:36)
	at com.training.pom.ElearningAdminAddCategoryPOM.categoryCode(ElearningAdminAddCategoryPOM.java:36)
	at com.training.pom.ElearningAdminAddCategoryPOM.categoryCode(ElearningAdminAddCategoryPOM.java:36)
	at com.training.pom.ElearningAdminAddCategoryPOM.categoryCode(ElearningAdminAddCategoryPOM.java:36)
	at com.training.pom.ElearningAdminAddCategoryPOM.categoryCode(ElearningAdminAddCategoryPOM.java:36)
	at com.training.pom.ElearningAdminAddCategoryPOM.categoryCode(ElearningAdminAddCategoryPOM.java:36)
	at com.training.pom.ElearningAdminAddCategoryPOM.categoryCode(ElearningAdminAddCategoryPOM.java:36)
	at com.training.pom.ElearningAdminAddCategoryPOM.categoryCode(ElearningAdminAddCategoryPOM.java:36)
	at com.training.pom.ElearningAdminAddCategoryPOM.categoryCode(ElearningAdminAddCategoryPOM.java:36)
	at com.training.pom.ElearningAdminAddCategoryPOM.categoryCode(ElearningAdminAddCategoryPOM.java:36)
	at com.training.pom.ElearningAdminAddCategoryPOM.categoryCode(ElearningAdminAddCategoryPOM.java:36)
	at com.training.pom.ElearningAdminAddCategoryPOM.categoryCode(ElearningAdminAddCategoryPOM.java:36)
	at com.training.pom.ElearningAdminAddCategoryPOM.categoryCode(ElearningAdminAddCategoryPOM.java:36)
	at com.training.pom.ElearningAdminAddCategoryPOM.categoryCode(ElearningAdminAddCategoryPOM.java:36)
	at com.training.pom.ElearningAdminAddCategoryPOM.categoryCode(ElearningAdminAddCategoryPOM.java:36)
	at com.training.pom.ElearningAdminAddCategoryPOM.categoryCode(ElearningAdminAddCategoryPOM.java:36)
	at com.training.pom.ElearningAdminAddCategoryPOM.categoryCode(ElearningAdminAddCategoryPOM.java:36)
	at com.training.pom.ElearningAdminAddCategoryPOM.categoryCode(ElearningAdminAddCategoryPOM.java:36)
	at com.training.pom.ElearningAdminAddCategoryPOM.categoryCode(ElearningAdminAddCategoryPOM.java:36)
	at com.training.pom.ElearningAdminAddCategoryPOM.categoryCode(ElearningAdminAddCategoryPOM.java:36)
	at com.training.pom.ElearningAdminAddCategoryPOM.categoryCode(ElearningAdminAddCategoryPOM.java:36)
	at com.training.pom.ElearningAdminAddCategoryPOM.categoryCode(ElearningAdminAddCategoryPOM.java:36)
	at com.training.pom.ElearningAdminAddCategoryPOM.categoryCode(ElearningAdminAddCategoryPOM.java:36)
	at com.training.pom.ElearningAdminAddCategoryPOM.categoryCode(ElearningAdminAddCategoryPOM.java:36)
	at com.training.pom.ElearningAdminAddCategoryPOM.categoryCode(ElearningAdminAddCategoryPOM.java:36)
	at com.training.pom.ElearningAdminAddCategoryPOM.categoryCode(ElearningAdminAddCategoryPOM.java:36)
	at com.training.pom.ElearningAdminAddCategoryPOM.categoryCode(ElearningAdminAddCategoryPOM.java:36)
	at com.training.pom.ElearningAdminAddCategoryPOM.categoryCode(ElearningAdminAddCategoryPOM.java:36)
	at com.training.pom.ElearningAdminAddCategoryPOM.categoryCode(ElearningAdminAddCategoryPOM.java:36)
	at com.training.pom.ElearningAdminAddCategoryPOM.categoryCode(ElearningAdminAddCategoryPOM.java:36)
	at com.training.pom.ElearningAdminAddCategoryPOM.categoryCode(ElearningAdminAddCategoryPOM.java:36)
	at com.training.pom.ElearningAdminAddCategoryPOM.categoryCode(ElearningAdminAddCategoryPOM.java:36)
	at com.training.pom.ElearningAdminAddCategoryPOM.categoryCode(ElearningAdminAddCategoryPOM.java:36)
	at com.training.pom.ElearningAdminAddCategoryPOM.categoryCode(ElearningAdminAddCategoryPOM.java:36)
	at com.training.pom.ElearningAdminAddCategoryPOM.categoryCode(ElearningAdminAddCategoryPOM.java:36)
	at com.training.pom.ElearningAdminAddCategoryPOM.categoryCode(ElearningAdminAddCategoryPOM.java:36)
	at com.training.pom.ElearningAdminAddCategoryPOM.categoryCode(ElearningAdminAddCategoryPOM.java:36)
	at com.training.pom.ElearningAdminAddCategoryPOM.categoryCode(ElearningAdminAddCategoryPOM.java:36)
	at com.training.pom.ElearningAdminAddCategoryPOM.categoryCode(ElearningAdminAddCategoryPOM.java:36)
	at com.training.pom.ElearningAdminAddCategoryPOM.categoryCode(ElearningAdminAddCategoryPOM.java:36)
	at com.training.pom.ElearningAdminAddCategoryPOM.categoryCode(ElearningAdminAddCategoryPOM.java:36)
	at com.training.pom.ElearningAdminAddCategoryPOM.categoryCode(ElearningAdminAddCategoryPOM.java:36)
	at com.training.pom.ElearningAdminAddCategoryPOM.categoryCode(ElearningAdminAddCategoryPOM.java:36)
	at com.training.pom.ElearningAdminAddCategoryPOM.categoryCode(ElearningAdminAddCategoryPOM.java:36)
	at com.training.pom.ElearningAdminAddCategoryPOM.categoryCode(ElearningAdminAddCategoryPOM.java:36)
	at com.training.pom.ElearningAdminAddCategoryPOM.categoryCode(ElearningAdminAddCategoryPOM.java:36)
	at com.training.pom.ElearningAdminAddCategoryPOM.categoryCode(ElearningAdminAddCategoryPOM.java:36)
	at com.training.pom.ElearningAdminAddCategoryPOM.categoryCode(ElearningAdminAddCategoryPOM.java:36)
	at com.training.pom.ElearningAdminAddCategoryPOM.categoryCode(ElearningAdminAddCategoryPOM.java:36)
	at com.training.pom.ElearningAdminAddCategoryPOM.categoryCode(ElearningAdminAddCategoryPOM.java:36)
	at com.training.pom.ElearningAdminAddCategoryPOM.categoryCode(ElearningAdminAddCategoryPOM.java:36)
	at com.training.pom.ElearningAdminAddCategoryPOM.categoryCode(ElearningAdminAddCategoryPOM.java:36)
	at com.training.pom.ElearningAdminAddCategoryPOM.categoryCode(ElearningAdminAddCategoryPOM.java:36)
	at com.training.pom.ElearningAdminAddCategoryPOM.categoryCode(ElearningAdminAddCategoryPOM.java:36)
	at com.training.pom.ElearningAdminAddCategoryPOM.categoryCode(ElearningAdminAddCategoryPOM.java:36)
	at com.training.pom.ElearningAdminAddCategoryPOM.categoryCode(ElearningAdminAddCategoryPOM.java:36)
	at com.training.pom.ElearningAdminAddCategoryPOM.categoryCode(ElearningAdminAddCategoryPOM.java:36)
	at com.training.pom.ElearningAdminAddCategoryPOM.categoryCode(ElearningAdminAddCategoryPOM.java:36)
	at com.training.pom.ElearningAdminAddCategoryPOM.categoryCode(ElearningAdminAddCategoryPOM.java:36)
	at com.training.pom.ElearningAdminAddCategoryPOM.categoryCode(ElearningAdminAddCategoryPOM.java:36)
	at com.training.pom.ElearningAdminAddCategoryPOM.categoryCode(ElearningAdminAddCategoryPOM.java:36)
	at com.training.pom.ElearningAdminAddCategoryPOM.categoryCode(ElearningAdminAddCategoryPOM.java:36)
	at com.training.pom.ElearningAdminAddCategoryPOM.categoryCode(ElearningAdminAddCategoryPOM.java:36)
	at com.training.pom.ElearningAdminAddCategoryPOM.categoryCode(ElearningAdminAddCategoryPOM.java:36)
	at com.training.pom.ElearningAdminAddCategoryPOM.categoryCode(ElearningAdminAddCategoryPOM.java:36)
	at com.training.pom.ElearningAdminAddCategoryPOM.categoryCode(ElearningAdminAddCategoryPOM.java:36)
	at com.training.pom.ElearningAdminAddCategoryPOM.categoryCode(ElearningAdminAddCategoryPOM.java:36)
	at com.training.pom.ElearningAdminAddCategoryPOM.categoryCode(ElearningAdminAddCategoryPOM.java:36)
	at com.training.pom.ElearningAdminAddCategoryPOM.categoryCode(ElearningAdminAddCategoryPOM.java:36)
	at com.training.pom.ElearningAdminAddCategoryPOM.categoryCode(ElearningAdminAddCategoryPOM.java:36)
	at com.training.pom.ElearningAdminAddCategoryPOM.categoryCode(ElearningAdminAddCategoryPOM.java:36)
	at com.training.pom.ElearningAdminAddCategoryPOM.categoryCode(ElearningAdminAddCategoryPOM.java:36)
	at com.training.pom.ElearningAdminAddCategoryPOM.categoryCode(ElearningAdminAddCategoryPOM.java:36)
	at com.training.pom.ElearningAdminAddCategoryPOM.categoryCode(ElearningAdminAddCategoryPOM.java:36)
	at com.training.pom.ElearningAdminAddCategoryPOM.categoryCode(ElearningAdminAddCategoryPOM.java:36)
	at com.training.pom.ElearningAdminAddCategoryPOM.categoryCode(ElearningAdminAddCategoryPOM.java:36)
	at com.training.pom.ElearningAdminAddCategoryPOM.categoryCode(ElearningAdminAddCategoryPOM.java:36)
	at com.training.pom.ElearningAdminAddCategoryPOM.categoryCode(ElearningAdminAddCategoryPOM.java:36)
	at com.training.pom.ElearningAdminAddCategoryPOM.categoryCode(ElearningAdminAddCategoryPOM.java:36)
	at com.training.pom.ElearningAdminAddCategoryPOM.categoryCode(ElearningAdminAddCategoryPOM.java:36)
	at com.training.pom.ElearningAdminAddCategoryPOM.categoryCode(ElearningAdminAddCategoryPOM.java:36)
	at com.training.pom.ElearningAdminAddCategoryPOM.categoryCode(ElearningAdminAddCategoryPOM.java:36)
	at com.training.pom.ElearningAdminAddCategoryPOM.categoryCode(ElearningAdminAddCategoryPOM.java:36)
	at com.training.pom.ElearningAdminAddCategoryPOM.categoryCode(ElearningAdminAddCategoryPOM.java:36)
	at com.training.pom.ElearningAdminAddCategoryPOM.categoryCode(ElearningAdminAddCategoryPOM.java:36)
	at com.training.pom.ElearningAdminAddCategoryPOM.categoryCode(ElearningAdminAddCategoryPOM.java:36)
	at com.training.pom.ElearningAdminAddCategoryPOM.categoryCode(ElearningAdminAddCategoryPOM.java:36)
	at com.training.pom.ElearningAdminAddCategoryPOM.categoryCode(ElearningAdminAddCategoryPOM.java:36)
	at com.training.pom.ElearningAdminAddCategoryPOM.categoryCode(ElearningAdminAddCategoryPOM.java:36)
	at com.training.pom.ElearningAdminAddCategoryPOM.categoryCode(ElearningAdminAddCategoryPOM.java:36)
	at com.training.pom.ElearningAdminAddCategoryPOM.categoryCode(ElearningAdminAddCategoryPOM.java:36)
	at com.training.pom.ElearningAdminAddCategoryPOM.categoryCode(ElearningAdminAddCategoryPOM.java:36)
	at com.training.pom.ElearningAdminAddCategoryPOM.categoryCode(ElearningAdminAddCategoryPOM.java:36)
	at com.training.pom.ElearningAdminAddCategoryPOM.categoryCode(ElearningAdminAddCategoryPOM.java:36)
	at com.training.pom.ElearningAdminAddCategoryPOM.categoryCode(ElearningAdminAddCategoryPOM.java:36)
	at com.training.pom.ElearningAdminAddCategoryPOM.categoryCode(ElearningAdminAddCategoryPOM.java:36)
	at com.training.pom.ElearningAdminAddCategoryPOM.categoryCode(ElearningAdminAddCategoryPOM.java:36)
	at com.training.pom.ElearningAdminAddCategoryPOM.categoryCode(ElearningAdminAddCategoryPOM.java:36)
	at com.training.pom.ElearningAdminAddCategoryPOM.categoryCode(ElearningAdminAddCategoryPOM.java:36)
	at com.training.pom.ElearningAdminAddCategoryPOM.categoryCode(ElearningAdminAddCategoryPOM.java:36)
	at com.training.pom.ElearningAdminAddCategoryPOM.categoryCode(ElearningAdminAddCategoryPOM.java:36)
	at com.training.pom.ElearningAdminAddCategoryPOM.categoryCode(ElearningAdminAddCategoryPOM.java:36)
	at com.training.pom.ElearningAdminAddCategoryPOM.categoryCode(ElearningAdminAddCategoryPOM.java:36)
	at com.training.pom.ElearningAdminAddCategoryPOM.categoryCode(ElearningAdminAddCategoryPOM.java:36)
	at com.training.pom.ElearningAdminAddCategoryPOM.categoryCode(ElearningAdminAddCategoryPOM.java:36)
	at com.training.pom.ElearningAdminAddCategoryPOM.categoryCode(ElearningAdminAddCategoryPOM.java:36)
	at com.training.pom.ElearningAdminAddCategoryPOM.categoryCode(ElearningAdminAddCategoryPOM.java:36)
	at com.training.pom.ElearningAdminAddCategoryPOM.categoryCode(ElearningAdminAddCategoryPOM.java:36)
	at com.training.pom.ElearningAdminAddCategoryPOM.categoryCode(ElearningAdminAddCategoryPOM.java:36)
	at com.training.pom.ElearningAdminAddCategoryPOM.categoryCode(ElearningAdminAddCategoryPOM.java:36)
	at com.training.pom.ElearningAdminAddCategoryPOM.categoryCode(ElearningAdminAddCategoryPOM.java:36)
]]>
    </failure>
  </testcase> <!-- addCategory -->
  <testcase name="validLoginTest" time="10.903" classname="com.training.sanity.tests.Eltc047ElearningAdminCreateCourseandCategory"/>
  <testcase name="coursesCategories" time="1.587" classname="com.training.sanity.tests.Eltc047ElearningAdminCreateCourseandCategory"/>
</testsuite> <!-- com.training.sanity.tests.Eltc047ElearningAdminCreateCourseandCategory -->
