<?xml version="1.0" encoding="UTF-8"?>
<!-- Generated by org.testng.reporters.JUnitXMLReporter -->
<testsuite hostname="DESKTOP-6AG80HT" name="Default test" tests="5" failures="0" timestamp="10 May 2020 16:53:05 GMT" time="105.283" errors="0">
  <testcase name="validLoginTest" time="57.907" classname="com.training.sanity.tests.Eltc019ElearningAdminViewDetails"/>
  <testcase name="adminPage" time="3.57" classname="com.training.sanity.tests.Eltc019ElearningAdminViewDetails"/>
  <testcase name="userLink" time="4.992" classname="com.training.sanity.tests.Eltc019ElearningAdminViewDetails"/>
  <testcase name="uName" time="8.819" classname="com.training.sanity.tests.Eltc019ElearningAdminViewDetails"/>
  <testcase name="editIcon" time="2.213" classname="com.training.sanity.tests.Eltc019ElearningAdminViewDetails"/>
</testsuite> <!-- Default test -->
